*** Start analyzing build configuration ***
*** List of included argument files ***
    Build configuration file:  /home/eugen.hulub/projects/Uvm_vif_config_db/.dvt/default.build
*** List of invocations ***
Invocation #1 +dvt_init+questa.vlog in /home/eugen.hulub/projects/Uvm_vif_config_db/.dvt/default.build at line 3
*** Warning: BUILD_CONFIG: Unable to infer Questa installation location, falling back to $DVT_UVM_HOME...
    at line 4 in /home/eugen.hulub/projects/Uvm_vif_config_db/.dvt/default.build
*** Done analyzing build configuration [16 ms] ***

*** Start SystemVerilog build ***
*** Invocation #1***
Loading (1) /home/eugen.hulub/dvt_eclipse_22_1_32/dvt_eclipse/predefined_projects/libs/uvm-1.2/src/uvm_pkg.sv ...
Loading (2) /home/eugen.hulub/dvt_eclipse_22_1_32/dvt_eclipse/predefined_projects/libs/uvm-1.2/src/uvm_macros.svh ...
Loading (3) /home/eugen.hulub/dvt_eclipse_22_1_32/dvt_eclipse/predefined_projects/libs/uvm-1.2/src/macros/uvm_version_defines.svh ...
Done /home/eugen.hulub/dvt_eclipse_22_1_32/dvt_eclipse/predefined_projects/libs/uvm-1.2/src/macros/uvm_version_defines.svh [57 ms, 151 lines, SystemVerilog_2012] ...
Loading (4) /home/eugen.hulub/dvt_eclipse_22_1_32/dvt_eclipse/predefined_projects/libs/uvm-1.2/src/macros/uvm_global_defines.svh ...
Done /home/eugen.hulub/dvt_eclipse_22_1_32/dvt_eclipse/predefined_projects/libs/uvm-1.2/src/macros/uvm_global_defines.svh [0 ms, 61 lines, SystemVerilog_2012] ...
Loading (5) /home/eugen.hulub/dvt_eclipse_22_1_32/dvt_eclipse/predefined_projects/libs/uvm-1.2/src/macros/uvm_message_defines.svh ...
Done /home/eugen.hulub/dvt_eclipse_22_1_32/dvt_eclipse/predefined_projects/libs/uvm-1.2/src/macros/uvm_message_defines.svh [0 ms, 539 lines, SystemVerilog_2012] ...
Loading (6) /home/eugen.hulub/dvt_eclipse_22_1_32/dvt_eclipse/predefined_projects/libs/uvm-1.2/src/macros/uvm_phase_defines.svh ...
Done /home/eugen.hulub/dvt_eclipse_22_1_32/dvt_eclipse/predefined_projects/libs/uvm-1.2/src/macros/uvm_phase_defines.svh [0 ms, 130 lines, SystemVerilog_2012] ...
Loading (7) /home/eugen.hulub/dvt_eclipse_22_1_32/dvt_eclipse/predefined_projects/libs/uvm-1.2/src/macros/uvm_object_defines.svh ...
Done /home/eugen.hulub/dvt_eclipse_22_1_32/dvt_eclipse/predefined_projects/libs/uvm-1.2/src/macros/uvm_object_defines.svh [50 ms, 3815 lines, SystemVerilog_2012] ...
Loading (8) /home/eugen.hulub/dvt_eclipse_22_1_32/dvt_eclipse/predefined_projects/libs/uvm-1.2/src/macros/uvm_printer_defines.svh ...
Done /home/eugen.hulub/dvt_eclipse_22_1_32/dvt_eclipse/predefined_projects/libs/uvm-1.2/src/macros/uvm_printer_defines.svh [0 ms, 423 lines, SystemVerilog_2012] ...
Loading (9) /home/eugen.hulub/dvt_eclipse_22_1_32/dvt_eclipse/predefined_projects/libs/uvm-1.2/src/macros/uvm_tlm_defines.svh ...
Loading (10) /home/eugen.hulub/dvt_eclipse_22_1_32/dvt_eclipse/predefined_projects/libs/uvm-1.2/src/tlm1/uvm_tlm_imps.svh ...
Done /home/eugen.hulub/dvt_eclipse_22_1_32/dvt_eclipse/predefined_projects/libs/uvm-1.2/src/tlm1/uvm_tlm_imps.svh [0 ms, 229 lines, SystemVerilog_2012] ...
Done /home/eugen.hulub/dvt_eclipse_22_1_32/dvt_eclipse/predefined_projects/libs/uvm-1.2/src/macros/uvm_tlm_defines.svh [0 ms, 617 lines, SystemVerilog_2012] ...
Loading (11) /home/eugen.hulub/dvt_eclipse_22_1_32/dvt_eclipse/predefined_projects/libs/uvm-1.2/src/macros/uvm_sequence_defines.svh ...
Done /home/eugen.hulub/dvt_eclipse_22_1_32/dvt_eclipse/predefined_projects/libs/uvm-1.2/src/macros/uvm_sequence_defines.svh [0 ms, 456 lines, SystemVerilog_2012] ...
Loading (12) /home/eugen.hulub/dvt_eclipse_22_1_32/dvt_eclipse/predefined_projects/libs/uvm-1.2/src/macros/uvm_callback_defines.svh ...
Done /home/eugen.hulub/dvt_eclipse_22_1_32/dvt_eclipse/predefined_projects/libs/uvm-1.2/src/macros/uvm_callback_defines.svh [0 ms, 301 lines, SystemVerilog_2012] ...
Loading (13) /home/eugen.hulub/dvt_eclipse_22_1_32/dvt_eclipse/predefined_projects/libs/uvm-1.2/src/macros/uvm_reg_defines.svh ...
Done /home/eugen.hulub/dvt_eclipse_22_1_32/dvt_eclipse/predefined_projects/libs/uvm-1.2/src/macros/uvm_reg_defines.svh [0 ms, 69 lines, SystemVerilog_2012] ...
Loading (14) /home/eugen.hulub/dvt_eclipse_22_1_32/dvt_eclipse/predefined_projects/libs/uvm-1.2/src/macros/uvm_deprecated_defines.svh ...
Done /home/eugen.hulub/dvt_eclipse_22_1_32/dvt_eclipse/predefined_projects/libs/uvm-1.2/src/macros/uvm_deprecated_defines.svh [0 ms, 252 lines, SystemVerilog_2012] ...
Done /home/eugen.hulub/dvt_eclipse_22_1_32/dvt_eclipse/predefined_projects/libs/uvm-1.2/src/uvm_macros.svh [0 ms, 82 lines, SystemVerilog_2012] ...
Loading (15) /home/eugen.hulub/dvt_eclipse_22_1_32/dvt_eclipse/predefined_projects/libs/uvm-1.2/src/dpi/uvm_dpi.svh ...
Loading (16) /home/eugen.hulub/dvt_eclipse_22_1_32/dvt_eclipse/predefined_projects/libs/uvm-1.2/src/dpi/uvm_hdl.svh ...
Done /home/eugen.hulub/dvt_eclipse_22_1_32/dvt_eclipse/predefined_projects/libs/uvm-1.2/src/dpi/uvm_hdl.svh [4 ms, 164 lines, SystemVerilog_2012] ...
Loading (17) /home/eugen.hulub/dvt_eclipse_22_1_32/dvt_eclipse/predefined_projects/libs/uvm-1.2/src/dpi/uvm_svcmd_dpi.svh ...
Done /home/eugen.hulub/dvt_eclipse_22_1_32/dvt_eclipse/predefined_projects/libs/uvm-1.2/src/dpi/uvm_svcmd_dpi.svh [1 ms, 66 lines, SystemVerilog_2012] ...
Loading (18) /home/eugen.hulub/dvt_eclipse_22_1_32/dvt_eclipse/predefined_projects/libs/uvm-1.2/src/dpi/uvm_regex.svh ...
Done /home/eugen.hulub/dvt_eclipse_22_1_32/dvt_eclipse/predefined_projects/libs/uvm-1.2/src/dpi/uvm_regex.svh [0 ms, 89 lines, SystemVerilog_2012] ...
Done /home/eugen.hulub/dvt_eclipse_22_1_32/dvt_eclipse/predefined_projects/libs/uvm-1.2/src/dpi/uvm_dpi.svh [0 ms, 44 lines, SystemVerilog_2012] ...
Loading (19) /home/eugen.hulub/dvt_eclipse_22_1_32/dvt_eclipse/predefined_projects/libs/uvm-1.2/src/base/uvm_base.svh ...
Loading (20) /home/eugen.hulub/dvt_eclipse_22_1_32/dvt_eclipse/predefined_projects/libs/uvm-1.2/src/base/uvm_coreservice.svh ...
Done /home/eugen.hulub/dvt_eclipse_22_1_32/dvt_eclipse/predefined_projects/libs/uvm-1.2/src/base/uvm_coreservice.svh [55 ms, 224 lines, SystemVerilog_2012] ...
Loading (21) /home/eugen.hulub/dvt_eclipse_22_1_32/dvt_eclipse/predefined_projects/libs/uvm-1.2/src/base/uvm_version.svh ...
Done /home/eugen.hulub/dvt_eclipse_22_1_32/dvt_eclipse/predefined_projects/libs/uvm-1.2/src/base/uvm_version.svh [1 ms, 39 lines, SystemVerilog_2012] ...
Loading (22) /home/eugen.hulub/dvt_eclipse_22_1_32/dvt_eclipse/predefined_projects/libs/uvm-1.2/src/base/uvm_object_globals.svh ...
Done /home/eugen.hulub/dvt_eclipse_22_1_32/dvt_eclipse/predefined_projects/libs/uvm-1.2/src/base/uvm_object_globals.svh [7 ms, 658 lines, SystemVerilog_2012] ...
Loading (23) /home/eugen.hulub/dvt_eclipse_22_1_32/dvt_eclipse/predefined_projects/libs/uvm-1.2/src/base/uvm_misc.svh ...
Done /home/eugen.hulub/dvt_eclipse_22_1_32/dvt_eclipse/predefined_projects/libs/uvm-1.2/src/base/uvm_misc.svh [21 ms, 754 lines, SystemVerilog_2012] ...
Loading (24) /home/eugen.hulub/dvt_eclipse_22_1_32/dvt_eclipse/predefined_projects/libs/uvm-1.2/src/base/uvm_object.svh ...
Done /home/eugen.hulub/dvt_eclipse_22_1_32/dvt_eclipse/predefined_projects/libs/uvm-1.2/src/base/uvm_object.svh [15 ms, 1331 lines, SystemVerilog_2012] ...
Loading (25) /home/eugen.hulub/dvt_eclipse_22_1_32/dvt_eclipse/predefined_projects/libs/uvm-1.2/src/base/uvm_pool.svh ...
Done /home/eugen.hulub/dvt_eclipse_22_1_32/dvt_eclipse/predefined_projects/libs/uvm-1.2/src/base/uvm_pool.svh [5 ms, 348 lines, SystemVerilog_2012] ...
Loading (26) /home/eugen.hulub/dvt_eclipse_22_1_32/dvt_eclipse/predefined_projects/libs/uvm-1.2/src/base/uvm_queue.svh ...
Done /home/eugen.hulub/dvt_eclipse_22_1_32/dvt_eclipse/predefined_projects/libs/uvm-1.2/src/base/uvm_queue.svh [3 ms, 204 lines, SystemVerilog_2012] ...
Loading (27) /home/eugen.hulub/dvt_eclipse_22_1_32/dvt_eclipse/predefined_projects/libs/uvm-1.2/src/base/uvm_factory.svh ...
Done /home/eugen.hulub/dvt_eclipse_22_1_32/dvt_eclipse/predefined_projects/libs/uvm-1.2/src/base/uvm_factory.svh [37 ms, 1790 lines, SystemVerilog_2012] ...
Loading (28) /home/eugen.hulub/dvt_eclipse_22_1_32/dvt_eclipse/predefined_projects/libs/uvm-1.2/src/base/uvm_registry.svh ...
Done /home/eugen.hulub/dvt_eclipse_22_1_32/dvt_eclipse/predefined_projects/libs/uvm-1.2/src/base/uvm_registry.svh [5 ms, 381 lines, SystemVerilog_2012] ...
Loading (29) /home/eugen.hulub/dvt_eclipse_22_1_32/dvt_eclipse/predefined_projects/libs/uvm-1.2/src/base/uvm_spell_chkr.svh ...
Done /home/eugen.hulub/dvt_eclipse_22_1_32/dvt_eclipse/predefined_projects/libs/uvm-1.2/src/base/uvm_spell_chkr.svh [3 ms, 204 lines, SystemVerilog_2012] ...
Loading (30) /home/eugen.hulub/dvt_eclipse_22_1_32/dvt_eclipse/predefined_projects/libs/uvm-1.2/src/base/uvm_resource.svh ...
Done /home/eugen.hulub/dvt_eclipse_22_1_32/dvt_eclipse/predefined_projects/libs/uvm-1.2/src/base/uvm_resource.svh [23 ms, 1695 lines, SystemVerilog_2012] ...
Loading (31) /home/eugen.hulub/dvt_eclipse_22_1_32/dvt_eclipse/predefined_projects/libs/uvm-1.2/src/base/uvm_resource_specializations.svh ...
Done /home/eugen.hulub/dvt_eclipse_22_1_32/dvt_eclipse/predefined_projects/libs/uvm-1.2/src/base/uvm_resource_specializations.svh [7 ms, 171 lines, SystemVerilog_2012] ...
Loading (32) /home/eugen.hulub/dvt_eclipse_22_1_32/dvt_eclipse/predefined_projects/libs/uvm-1.2/src/base/uvm_resource_db.svh ...
Done /home/eugen.hulub/dvt_eclipse_22_1_32/dvt_eclipse/predefined_projects/libs/uvm-1.2/src/base/uvm_resource_db.svh [10 ms, 400 lines, SystemVerilog_2012] ...
Loading (33) /home/eugen.hulub/dvt_eclipse_22_1_32/dvt_eclipse/predefined_projects/libs/uvm-1.2/src/base/uvm_config_db.svh ...
Done /home/eugen.hulub/dvt_eclipse_22_1_32/dvt_eclipse/predefined_projects/libs/uvm-1.2/src/base/uvm_config_db.svh [6 ms, 411 lines, SystemVerilog_2012] ...
Loading (34) /home/eugen.hulub/dvt_eclipse_22_1_32/dvt_eclipse/predefined_projects/libs/uvm-1.2/src/base/uvm_printer.svh ...
Done /home/eugen.hulub/dvt_eclipse_22_1_32/dvt_eclipse/predefined_projects/libs/uvm-1.2/src/base/uvm_printer.svh [18 ms, 1232 lines, SystemVerilog_2012] ...
Loading (35) /home/eugen.hulub/dvt_eclipse_22_1_32/dvt_eclipse/predefined_projects/libs/uvm-1.2/src/base/uvm_comparer.svh ...
Done /home/eugen.hulub/dvt_eclipse_22_1_32/dvt_eclipse/predefined_projects/libs/uvm-1.2/src/base/uvm_comparer.svh [6 ms, 423 lines, SystemVerilog_2012] ...
Loading (36) /home/eugen.hulub/dvt_eclipse_22_1_32/dvt_eclipse/predefined_projects/libs/uvm-1.2/src/base/uvm_packer.svh ...
Done /home/eugen.hulub/dvt_eclipse_22_1_32/dvt_eclipse/predefined_projects/libs/uvm-1.2/src/base/uvm_packer.svh [18 ms, 1038 lines, SystemVerilog_2012] ...
Loading (37) /home/eugen.hulub/dvt_eclipse_22_1_32/dvt_eclipse/predefined_projects/libs/uvm-1.2/src/base/uvm_links.svh ...
Done /home/eugen.hulub/dvt_eclipse_22_1_32/dvt_eclipse/predefined_projects/libs/uvm-1.2/src/base/uvm_links.svh [7 ms, 371 lines, SystemVerilog_2012] ...
Loading (38) /home/eugen.hulub/dvt_eclipse_22_1_32/dvt_eclipse/predefined_projects/libs/uvm-1.2/src/base/uvm_tr_database.svh ...
Done /home/eugen.hulub/dvt_eclipse_22_1_32/dvt_eclipse/predefined_projects/libs/uvm-1.2/src/base/uvm_tr_database.svh [7 ms, 433 lines, SystemVerilog_2012] ...
Loading (39) /home/eugen.hulub/dvt_eclipse_22_1_32/dvt_eclipse/predefined_projects/libs/uvm-1.2/src/base/uvm_tr_stream.svh ...
Done /home/eugen.hulub/dvt_eclipse_22_1_32/dvt_eclipse/predefined_projects/libs/uvm-1.2/src/base/uvm_tr_stream.svh [9 ms, 592 lines, SystemVerilog_2012] ...
Loading (40) /home/eugen.hulub/dvt_eclipse_22_1_32/dvt_eclipse/predefined_projects/libs/uvm-1.2/src/base/uvm_recorder.svh ...
Done /home/eugen.hulub/dvt_eclipse_22_1_32/dvt_eclipse/predefined_projects/libs/uvm-1.2/src/base/uvm_recorder.svh [14 ms, 1141 lines, SystemVerilog_2012] ...
Loading (41) /home/eugen.hulub/dvt_eclipse_22_1_32/dvt_eclipse/predefined_projects/libs/uvm-1.2/src/base/uvm_event_callback.svh ...
Done /home/eugen.hulub/dvt_eclipse_22_1_32/dvt_eclipse/predefined_projects/libs/uvm-1.2/src/base/uvm_event_callback.svh [1 ms, 91 lines, SystemVerilog_2012] ...
Loading (42) /home/eugen.hulub/dvt_eclipse_22_1_32/dvt_eclipse/predefined_projects/libs/uvm-1.2/src/base/uvm_event.svh ...
Done /home/eugen.hulub/dvt_eclipse_22_1_32/dvt_eclipse/predefined_projects/libs/uvm-1.2/src/base/uvm_event.svh [5 ms, 395 lines, SystemVerilog_2012] ...
Loading (43) /home/eugen.hulub/dvt_eclipse_22_1_32/dvt_eclipse/predefined_projects/libs/uvm-1.2/src/base/uvm_barrier.svh ...
Done /home/eugen.hulub/dvt_eclipse_22_1_32/dvt_eclipse/predefined_projects/libs/uvm-1.2/src/base/uvm_barrier.svh [3 ms, 210 lines, SystemVerilog_2012] ...
Loading (44) /home/eugen.hulub/dvt_eclipse_22_1_32/dvt_eclipse/predefined_projects/libs/uvm-1.2/src/base/uvm_callback.svh ...
Loading (45) /home/eugen.hulub/dvt_eclipse_22_1_32/dvt_eclipse/predefined_projects/libs/uvm-1.2/src/uvm_macros.svh ...
Done /home/eugen.hulub/dvt_eclipse_22_1_32/dvt_eclipse/predefined_projects/libs/uvm-1.2/src/uvm_macros.svh [0 ms, 82 lines, SystemVerilog_2012] ...
Done /home/eugen.hulub/dvt_eclipse_22_1_32/dvt_eclipse/predefined_projects/libs/uvm-1.2/src/base/uvm_callback.svh [21 ms, 1199 lines, SystemVerilog_2012] ...
Loading (46) /home/eugen.hulub/dvt_eclipse_22_1_32/dvt_eclipse/predefined_projects/libs/uvm-1.2/src/base/uvm_report_message.svh ...
Done /home/eugen.hulub/dvt_eclipse_22_1_32/dvt_eclipse/predefined_projects/libs/uvm-1.2/src/base/uvm_report_message.svh [19 ms, 940 lines, SystemVerilog_2012] ...
Loading (47) /home/eugen.hulub/dvt_eclipse_22_1_32/dvt_eclipse/predefined_projects/libs/uvm-1.2/src/base/uvm_report_catcher.svh ...
Done /home/eugen.hulub/dvt_eclipse_22_1_32/dvt_eclipse/predefined_projects/libs/uvm-1.2/src/base/uvm_report_catcher.svh [20 ms, 713 lines, SystemVerilog_2012] ...
Loading (48) /home/eugen.hulub/dvt_eclipse_22_1_32/dvt_eclipse/predefined_projects/libs/uvm-1.2/src/base/uvm_report_server.svh ...
Done /home/eugen.hulub/dvt_eclipse_22_1_32/dvt_eclipse/predefined_projects/libs/uvm-1.2/src/base/uvm_report_server.svh [20 ms, 923 lines, SystemVerilog_2012] ...
Loading (49) /home/eugen.hulub/dvt_eclipse_22_1_32/dvt_eclipse/predefined_projects/libs/uvm-1.2/src/base/uvm_report_handler.svh ...
Done /home/eugen.hulub/dvt_eclipse_22_1_32/dvt_eclipse/predefined_projects/libs/uvm-1.2/src/base/uvm_report_handler.svh [21 ms, 801 lines, SystemVerilog_2012] ...
Loading (50) /home/eugen.hulub/dvt_eclipse_22_1_32/dvt_eclipse/predefined_projects/libs/uvm-1.2/src/base/uvm_report_object.svh ...
Done /home/eugen.hulub/dvt_eclipse_22_1_32/dvt_eclipse/predefined_projects/libs/uvm-1.2/src/base/uvm_report_object.svh [7 ms, 660 lines, SystemVerilog_2012] ...
Loading (51) /home/eugen.hulub/dvt_eclipse_22_1_32/dvt_eclipse/predefined_projects/libs/uvm-1.2/src/base/uvm_transaction.svh ...
Done /home/eugen.hulub/dvt_eclipse_22_1_32/dvt_eclipse/predefined_projects/libs/uvm-1.2/src/base/uvm_transaction.svh [9 ms, 781 lines, SystemVerilog_2012] ...
Loading (52) /home/eugen.hulub/dvt_eclipse_22_1_32/dvt_eclipse/predefined_projects/libs/uvm-1.2/src/base/uvm_phase.svh ...
Done /home/eugen.hulub/dvt_eclipse_22_1_32/dvt_eclipse/predefined_projects/libs/uvm-1.2/src/base/uvm_phase.svh [53 ms, 2254 lines, SystemVerilog_2012] ...
Loading (53) /home/eugen.hulub/dvt_eclipse_22_1_32/dvt_eclipse/predefined_projects/libs/uvm-1.2/src/base/uvm_domain.svh ...
Done /home/eugen.hulub/dvt_eclipse_22_1_32/dvt_eclipse/predefined_projects/libs/uvm-1.2/src/base/uvm_domain.svh [6 ms, 219 lines, SystemVerilog_2012] ...
Loading (54) /home/eugen.hulub/dvt_eclipse_22_1_32/dvt_eclipse/predefined_projects/libs/uvm-1.2/src/base/uvm_bottomup_phase.svh ...
Done /home/eugen.hulub/dvt_eclipse_22_1_32/dvt_eclipse/predefined_projects/libs/uvm-1.2/src/base/uvm_bottomup_phase.svh [3 ms, 113 lines, SystemVerilog_2012] ...
Loading (55) /home/eugen.hulub/dvt_eclipse_22_1_32/dvt_eclipse/predefined_projects/libs/uvm-1.2/src/base/uvm_topdown_phase.svh ...
Done /home/eugen.hulub/dvt_eclipse_22_1_32/dvt_eclipse/predefined_projects/libs/uvm-1.2/src/base/uvm_topdown_phase.svh [2 ms, 115 lines, SystemVerilog_2012] ...
Loading (56) /home/eugen.hulub/dvt_eclipse_22_1_32/dvt_eclipse/predefined_projects/libs/uvm-1.2/src/base/uvm_task_phase.svh ...
Done /home/eugen.hulub/dvt_eclipse_22_1_32/dvt_eclipse/predefined_projects/libs/uvm-1.2/src/base/uvm_task_phase.svh [3 ms, 162 lines, SystemVerilog_2012] ...
Loading (57) /home/eugen.hulub/dvt_eclipse_22_1_32/dvt_eclipse/predefined_projects/libs/uvm-1.2/src/base/uvm_common_phases.svh ...
Done /home/eugen.hulub/dvt_eclipse_22_1_32/dvt_eclipse/predefined_projects/libs/uvm-1.2/src/base/uvm_common_phases.svh [6 ms, 452 lines, SystemVerilog_2012] ...
Loading (58) /home/eugen.hulub/dvt_eclipse_22_1_32/dvt_eclipse/predefined_projects/libs/uvm-1.2/src/base/uvm_runtime_phases.svh ...
Done /home/eugen.hulub/dvt_eclipse_22_1_32/dvt_eclipse/predefined_projects/libs/uvm-1.2/src/base/uvm_runtime_phases.svh [7 ms, 556 lines, SystemVerilog_2012] ...
Loading (59) /home/eugen.hulub/dvt_eclipse_22_1_32/dvt_eclipse/predefined_projects/libs/uvm-1.2/src/base/uvm_component.svh ...
Loading (60) /home/eugen.hulub/dvt_eclipse_22_1_32/dvt_eclipse/predefined_projects/libs/uvm-1.2/src/base/uvm_root.svh ...
Done /home/eugen.hulub/dvt_eclipse_22_1_32/dvt_eclipse/predefined_projects/libs/uvm-1.2/src/base/uvm_root.svh [35 ms, 1073 lines, SystemVerilog_2012] ...
Done /home/eugen.hulub/dvt_eclipse_22_1_32/dvt_eclipse/predefined_projects/libs/uvm-1.2/src/base/uvm_component.svh [58 ms, 3639 lines, SystemVerilog_2012] ...
Loading (61) /home/eugen.hulub/dvt_eclipse_22_1_32/dvt_eclipse/predefined_projects/libs/uvm-1.2/src/base/uvm_objection.svh ...
Done /home/eugen.hulub/dvt_eclipse_22_1_32/dvt_eclipse/predefined_projects/libs/uvm-1.2/src/base/uvm_objection.svh [29 ms, 1454 lines, SystemVerilog_2012] ...
Loading (62) /home/eugen.hulub/dvt_eclipse_22_1_32/dvt_eclipse/predefined_projects/libs/uvm-1.2/src/base/uvm_heartbeat.svh ...
Done /home/eugen.hulub/dvt_eclipse_22_1_32/dvt_eclipse/predefined_projects/libs/uvm-1.2/src/base/uvm_heartbeat.svh [7 ms, 342 lines, SystemVerilog_2012] ...
Loading (63) /home/eugen.hulub/dvt_eclipse_22_1_32/dvt_eclipse/predefined_projects/libs/uvm-1.2/src/base/uvm_globals.svh ...
Done /home/eugen.hulub/dvt_eclipse_22_1_32/dvt_eclipse/predefined_projects/libs/uvm-1.2/src/base/uvm_globals.svh [10 ms, 565 lines, SystemVerilog_2012] ...
Loading (64) /home/eugen.hulub/dvt_eclipse_22_1_32/dvt_eclipse/predefined_projects/libs/uvm-1.2/src/base/uvm_cmdline_processor.svh ...
Done /home/eugen.hulub/dvt_eclipse_22_1_32/dvt_eclipse/predefined_projects/libs/uvm-1.2/src/base/uvm_cmdline_processor.svh [6 ms, 462 lines, SystemVerilog_2012] ...
Loading (65) /home/eugen.hulub/dvt_eclipse_22_1_32/dvt_eclipse/predefined_projects/libs/uvm-1.2/src/base/uvm_traversal.svh ...
Done /home/eugen.hulub/dvt_eclipse_22_1_32/dvt_eclipse/predefined_projects/libs/uvm-1.2/src/base/uvm_traversal.svh [5 ms, 289 lines, SystemVerilog_2012] ...
Done /home/eugen.hulub/dvt_eclipse_22_1_32/dvt_eclipse/predefined_projects/libs/uvm-1.2/src/base/uvm_base.svh [0 ms, 113 lines, SystemVerilog_2012] ...
Loading (66) /home/eugen.hulub/dvt_eclipse_22_1_32/dvt_eclipse/predefined_projects/libs/uvm-1.2/src/dap/uvm_dap.svh ...
Loading (67) /home/eugen.hulub/dvt_eclipse_22_1_32/dvt_eclipse/predefined_projects/libs/uvm-1.2/src/dap/uvm_set_get_dap_base.svh ...
Done /home/eugen.hulub/dvt_eclipse_22_1_32/dvt_eclipse/predefined_projects/libs/uvm-1.2/src/dap/uvm_set_get_dap_base.svh [1 ms, 84 lines, SystemVerilog_2012] ...
Loading (68) /home/eugen.hulub/dvt_eclipse_22_1_32/dvt_eclipse/predefined_projects/libs/uvm-1.2/src/dap/uvm_simple_lock_dap.svh ...
Done /home/eugen.hulub/dvt_eclipse_22_1_32/dvt_eclipse/predefined_projects/libs/uvm-1.2/src/dap/uvm_simple_lock_dap.svh [4 ms, 179 lines, SystemVerilog_2012] ...
Loading (69) /home/eugen.hulub/dvt_eclipse_22_1_32/dvt_eclipse/predefined_projects/libs/uvm-1.2/src/dap/uvm_get_to_lock_dap.svh ...
Done /home/eugen.hulub/dvt_eclipse_22_1_32/dvt_eclipse/predefined_projects/libs/uvm-1.2/src/dap/uvm_get_to_lock_dap.svh [4 ms, 155 lines, SystemVerilog_2012] ...
Loading (70) /home/eugen.hulub/dvt_eclipse_22_1_32/dvt_eclipse/predefined_projects/libs/uvm-1.2/src/dap/uvm_set_before_get_dap.svh ...
Done /home/eugen.hulub/dvt_eclipse_22_1_32/dvt_eclipse/predefined_projects/libs/uvm-1.2/src/dap/uvm_set_before_get_dap.svh [4 ms, 185 lines, SystemVerilog_2012] ...
Done /home/eugen.hulub/dvt_eclipse_22_1_32/dvt_eclipse/predefined_projects/libs/uvm-1.2/src/dap/uvm_dap.svh [0 ms, 35 lines, SystemVerilog_2012] ...
Loading (71) /home/eugen.hulub/dvt_eclipse_22_1_32/dvt_eclipse/predefined_projects/libs/uvm-1.2/src/tlm1/uvm_tlm.svh ...
Loading (72) /home/eugen.hulub/dvt_eclipse_22_1_32/dvt_eclipse/predefined_projects/libs/uvm-1.2/src/tlm1/uvm_tlm_ifs.svh ...
Done /home/eugen.hulub/dvt_eclipse_22_1_32/dvt_eclipse/predefined_projects/libs/uvm-1.2/src/tlm1/uvm_tlm_ifs.svh [3 ms, 219 lines, SystemVerilog_2012] ...
Loading (73) /home/eugen.hulub/dvt_eclipse_22_1_32/dvt_eclipse/predefined_projects/libs/uvm-1.2/src/tlm1/uvm_sqr_ifs.svh ...
Done /home/eugen.hulub/dvt_eclipse_22_1_32/dvt_eclipse/predefined_projects/libs/uvm-1.2/src/tlm1/uvm_sqr_ifs.svh [1 ms, 253 lines, SystemVerilog_2012] ...
Loading (74) /home/eugen.hulub/dvt_eclipse_22_1_32/dvt_eclipse/predefined_projects/libs/uvm-1.2/src/base/uvm_port_base.svh ...
Done /home/eugen.hulub/dvt_eclipse_22_1_32/dvt_eclipse/predefined_projects/libs/uvm-1.2/src/base/uvm_port_base.svh [13 ms, 793 lines, SystemVerilog_2012] ...
Loading (75) /home/eugen.hulub/dvt_eclipse_22_1_32/dvt_eclipse/predefined_projects/libs/uvm-1.2/src/tlm1/uvm_tlm_imps.svh ...
Done /home/eugen.hulub/dvt_eclipse_22_1_32/dvt_eclipse/predefined_projects/libs/uvm-1.2/src/tlm1/uvm_tlm_imps.svh [0 ms, 229 lines, SystemVerilog_2012] ...
Loading (76) /home/eugen.hulub/dvt_eclipse_22_1_32/dvt_eclipse/predefined_projects/libs/uvm-1.2/src/tlm1/uvm_imps.svh ...
Done /home/eugen.hulub/dvt_eclipse_22_1_32/dvt_eclipse/predefined_projects/libs/uvm-1.2/src/tlm1/uvm_imps.svh [21 ms, 317 lines, SystemVerilog_2012] ...
Loading (77) /home/eugen.hulub/dvt_eclipse_22_1_32/dvt_eclipse/predefined_projects/libs/uvm-1.2/src/tlm1/uvm_ports.svh ...
Done /home/eugen.hulub/dvt_eclipse_22_1_32/dvt_eclipse/predefined_projects/libs/uvm-1.2/src/tlm1/uvm_ports.svh [18 ms, 263 lines, SystemVerilog_2012] ...
Loading (78) /home/eugen.hulub/dvt_eclipse_22_1_32/dvt_eclipse/predefined_projects/libs/uvm-1.2/src/tlm1/uvm_exports.svh ...
Done /home/eugen.hulub/dvt_eclipse_22_1_32/dvt_eclipse/predefined_projects/libs/uvm-1.2/src/tlm1/uvm_exports.svh [18 ms, 260 lines, SystemVerilog_2012] ...
Loading (79) /home/eugen.hulub/dvt_eclipse_22_1_32/dvt_eclipse/predefined_projects/libs/uvm-1.2/src/tlm1/uvm_analysis_port.svh ...
Done /home/eugen.hulub/dvt_eclipse_22_1_32/dvt_eclipse/predefined_projects/libs/uvm-1.2/src/tlm1/uvm_analysis_port.svh [2 ms, 156 lines, SystemVerilog_2012] ...
Loading (80) /home/eugen.hulub/dvt_eclipse_22_1_32/dvt_eclipse/predefined_projects/libs/uvm-1.2/src/tlm1/uvm_tlm_fifo_base.svh ...
Done /home/eugen.hulub/dvt_eclipse_22_1_32/dvt_eclipse/predefined_projects/libs/uvm-1.2/src/tlm1/uvm_tlm_fifo_base.svh [4 ms, 253 lines, SystemVerilog_2012] ...
Loading (81) /home/eugen.hulub/dvt_eclipse_22_1_32/dvt_eclipse/predefined_projects/libs/uvm-1.2/src/tlm1/uvm_tlm_fifos.svh ...
Done /home/eugen.hulub/dvt_eclipse_22_1_32/dvt_eclipse/predefined_projects/libs/uvm-1.2/src/tlm1/uvm_tlm_fifos.svh [3 ms, 239 lines, SystemVerilog_2012] ...
Loading (82) /home/eugen.hulub/dvt_eclipse_22_1_32/dvt_eclipse/predefined_projects/libs/uvm-1.2/src/tlm1/uvm_tlm_req_rsp.svh ...
Done /home/eugen.hulub/dvt_eclipse_22_1_32/dvt_eclipse/predefined_projects/libs/uvm-1.2/src/tlm1/uvm_tlm_req_rsp.svh [3 ms, 349 lines, SystemVerilog_2012] ...
Loading (83) /home/eugen.hulub/dvt_eclipse_22_1_32/dvt_eclipse/predefined_projects/libs/uvm-1.2/src/tlm1/uvm_sqr_connections.svh ...
Done /home/eugen.hulub/dvt_eclipse_22_1_32/dvt_eclipse/predefined_projects/libs/uvm-1.2/src/tlm1/uvm_sqr_connections.svh [5 ms, 84 lines, SystemVerilog_2012] ...
Done /home/eugen.hulub/dvt_eclipse_22_1_32/dvt_eclipse/predefined_projects/libs/uvm-1.2/src/tlm1/uvm_tlm.svh [0 ms, 40 lines, SystemVerilog_2012] ...
Loading (84) /home/eugen.hulub/dvt_eclipse_22_1_32/dvt_eclipse/predefined_projects/libs/uvm-1.2/src/comps/uvm_comps.svh ...
Loading (85) /home/eugen.hulub/dvt_eclipse_22_1_32/dvt_eclipse/predefined_projects/libs/uvm-1.2/src/comps/uvm_pair.svh ...
Done /home/eugen.hulub/dvt_eclipse_22_1_32/dvt_eclipse/predefined_projects/libs/uvm-1.2/src/comps/uvm_pair.svh [5 ms, 171 lines, SystemVerilog_2012] ...
Loading (86) /home/eugen.hulub/dvt_eclipse_22_1_32/dvt_eclipse/predefined_projects/libs/uvm-1.2/src/comps/uvm_policies.svh ...
Done /home/eugen.hulub/dvt_eclipse_22_1_32/dvt_eclipse/predefined_projects/libs/uvm-1.2/src/comps/uvm_policies.svh [1 ms, 142 lines, SystemVerilog_2012] ...
Loading (87) /home/eugen.hulub/dvt_eclipse_22_1_32/dvt_eclipse/predefined_projects/libs/uvm-1.2/src/comps/uvm_in_order_comparator.svh ...
Done /home/eugen.hulub/dvt_eclipse_22_1_32/dvt_eclipse/predefined_projects/libs/uvm-1.2/src/comps/uvm_in_order_comparator.svh [4 ms, 260 lines, SystemVerilog_2012] ...
Loading (88) /home/eugen.hulub/dvt_eclipse_22_1_32/dvt_eclipse/predefined_projects/libs/uvm-1.2/src/comps/uvm_algorithmic_comparator.svh ...
Done /home/eugen.hulub/dvt_eclipse_22_1_32/dvt_eclipse/predefined_projects/libs/uvm-1.2/src/comps/uvm_algorithmic_comparator.svh [1 ms, 135 lines, SystemVerilog_2012] ...
Loading (89) /home/eugen.hulub/dvt_eclipse_22_1_32/dvt_eclipse/predefined_projects/libs/uvm-1.2/src/comps/uvm_random_stimulus.svh ...
Done /home/eugen.hulub/dvt_eclipse_22_1_32/dvt_eclipse/predefined_projects/libs/uvm-1.2/src/comps/uvm_random_stimulus.svh [1 ms, 132 lines, SystemVerilog_2012] ...
Loading (90) /home/eugen.hulub/dvt_eclipse_22_1_32/dvt_eclipse/predefined_projects/libs/uvm-1.2/src/comps/uvm_subscriber.svh ...
Done /home/eugen.hulub/dvt_eclipse_22_1_32/dvt_eclipse/predefined_projects/libs/uvm-1.2/src/comps/uvm_subscriber.svh [1 ms, 68 lines, SystemVerilog_2012] ...
Loading (91) /home/eugen.hulub/dvt_eclipse_22_1_32/dvt_eclipse/predefined_projects/libs/uvm-1.2/src/comps/uvm_monitor.svh ...
Done /home/eugen.hulub/dvt_eclipse_22_1_32/dvt_eclipse/predefined_projects/libs/uvm-1.2/src/comps/uvm_monitor.svh [0 ms, 54 lines, SystemVerilog_2012] ...
Loading (92) /home/eugen.hulub/dvt_eclipse_22_1_32/dvt_eclipse/predefined_projects/libs/uvm-1.2/src/comps/uvm_driver.svh ...
Done /home/eugen.hulub/dvt_eclipse_22_1_32/dvt_eclipse/predefined_projects/libs/uvm-1.2/src/comps/uvm_driver.svh [1 ms, 89 lines, SystemVerilog_2012] ...
Loading (93) /home/eugen.hulub/dvt_eclipse_22_1_32/dvt_eclipse/predefined_projects/libs/uvm-1.2/src/comps/uvm_push_driver.svh ...
Done /home/eugen.hulub/dvt_eclipse_22_1_32/dvt_eclipse/predefined_projects/libs/uvm-1.2/src/comps/uvm_push_driver.svh [1 ms, 97 lines, SystemVerilog_2012] ...
Loading (94) /home/eugen.hulub/dvt_eclipse_22_1_32/dvt_eclipse/predefined_projects/libs/uvm-1.2/src/comps/uvm_scoreboard.svh ...
Done /home/eugen.hulub/dvt_eclipse_22_1_32/dvt_eclipse/predefined_projects/libs/uvm-1.2/src/comps/uvm_scoreboard.svh [1 ms, 56 lines, SystemVerilog_2012] ...
Loading (95) /home/eugen.hulub/dvt_eclipse_22_1_32/dvt_eclipse/predefined_projects/libs/uvm-1.2/src/comps/uvm_agent.svh ...
Done /home/eugen.hulub/dvt_eclipse_22_1_32/dvt_eclipse/predefined_projects/libs/uvm-1.2/src/comps/uvm_agent.svh [2 ms, 136 lines, SystemVerilog_2012] ...
Loading (96) /home/eugen.hulub/dvt_eclipse_22_1_32/dvt_eclipse/predefined_projects/libs/uvm-1.2/src/comps/uvm_env.svh ...
Done /home/eugen.hulub/dvt_eclipse_22_1_32/dvt_eclipse/predefined_projects/libs/uvm-1.2/src/comps/uvm_env.svh [0 ms, 54 lines, SystemVerilog_2012] ...
Loading (97) /home/eugen.hulub/dvt_eclipse_22_1_32/dvt_eclipse/predefined_projects/libs/uvm-1.2/src/comps/uvm_test.svh ...
Done /home/eugen.hulub/dvt_eclipse_22_1_32/dvt_eclipse/predefined_projects/libs/uvm-1.2/src/comps/uvm_test.svh [1 ms, 82 lines, SystemVerilog_2012] ...
Done /home/eugen.hulub/dvt_eclipse_22_1_32/dvt_eclipse/predefined_projects/libs/uvm-1.2/src/comps/uvm_comps.svh [0 ms, 37 lines, SystemVerilog_2012] ...
Loading (98) /home/eugen.hulub/dvt_eclipse_22_1_32/dvt_eclipse/predefined_projects/libs/uvm-1.2/src/seq/uvm_seq.svh ...
Loading (99) /home/eugen.hulub/dvt_eclipse_22_1_32/dvt_eclipse/predefined_projects/libs/uvm-1.2/src/seq/uvm_sequence_item.svh ...
Done /home/eugen.hulub/dvt_eclipse_22_1_32/dvt_eclipse/predefined_projects/libs/uvm-1.2/src/seq/uvm_sequence_item.svh [7 ms, 498 lines, SystemVerilog_2012] ...
Loading (100) /home/eugen.hulub/dvt_eclipse_22_1_32/dvt_eclipse/predefined_projects/libs/uvm-1.2/src/seq/uvm_sequencer_base.svh ...
Done /home/eugen.hulub/dvt_eclipse_22_1_32/dvt_eclipse/predefined_projects/libs/uvm-1.2/src/seq/uvm_sequencer_base.svh [35 ms, 1775 lines, SystemVerilog_2012] ...
Loading (101) /home/eugen.hulub/dvt_eclipse_22_1_32/dvt_eclipse/predefined_projects/libs/uvm-1.2/src/seq/uvm_sequencer_analysis_fifo.svh ...
Done /home/eugen.hulub/dvt_eclipse_22_1_32/dvt_eclipse/predefined_projects/libs/uvm-1.2/src/seq/uvm_sequencer_analysis_fifo.svh [1 ms, 39 lines, SystemVerilog_2012] ...
Loading (102) /home/eugen.hulub/dvt_eclipse_22_1_32/dvt_eclipse/predefined_projects/libs/uvm-1.2/src/seq/uvm_sequencer_param_base.svh ...
Done /home/eugen.hulub/dvt_eclipse_22_1_32/dvt_eclipse/predefined_projects/libs/uvm-1.2/src/seq/uvm_sequencer_param_base.svh [7 ms, 460 lines, SystemVerilog_2012] ...
Loading (103) /home/eugen.hulub/dvt_eclipse_22_1_32/dvt_eclipse/predefined_projects/libs/uvm-1.2/src/seq/uvm_sequencer.svh ...
Done /home/eugen.hulub/dvt_eclipse_22_1_32/dvt_eclipse/predefined_projects/libs/uvm-1.2/src/seq/uvm_sequencer.svh [5 ms, 347 lines, SystemVerilog_2012] ...
Loading (104) /home/eugen.hulub/dvt_eclipse_22_1_32/dvt_eclipse/predefined_projects/libs/uvm-1.2/src/seq/uvm_push_sequencer.svh ...
Done /home/eugen.hulub/dvt_eclipse_22_1_32/dvt_eclipse/predefined_projects/libs/uvm-1.2/src/seq/uvm_push_sequencer.svh [1 ms, 85 lines, SystemVerilog_2012] ...
Loading (105) /home/eugen.hulub/dvt_eclipse_22_1_32/dvt_eclipse/predefined_projects/libs/uvm-1.2/src/seq/uvm_sequence_base.svh ...
Done /home/eugen.hulub/dvt_eclipse_22_1_32/dvt_eclipse/predefined_projects/libs/uvm-1.2/src/seq/uvm_sequence_base.svh [21 ms, 1405 lines, SystemVerilog_2012] ...
Loading (106) /home/eugen.hulub/dvt_eclipse_22_1_32/dvt_eclipse/predefined_projects/libs/uvm-1.2/src/seq/uvm_sequence.svh ...
Done /home/eugen.hulub/dvt_eclipse_22_1_32/dvt_eclipse/predefined_projects/libs/uvm-1.2/src/seq/uvm_sequence.svh [1 ms, 148 lines, SystemVerilog_2012] ...
Loading (107) /home/eugen.hulub/dvt_eclipse_22_1_32/dvt_eclipse/predefined_projects/libs/uvm-1.2/src/seq/uvm_sequence_library.svh ...
Done /home/eugen.hulub/dvt_eclipse_22_1_32/dvt_eclipse/predefined_projects/libs/uvm-1.2/src/seq/uvm_sequence_library.svh [19 ms, 813 lines, SystemVerilog_2012] ...
Loading (108) /home/eugen.hulub/dvt_eclipse_22_1_32/dvt_eclipse/predefined_projects/libs/uvm-1.2/src/seq/uvm_sequence_builtin.svh ...
Done /home/eugen.hulub/dvt_eclipse_22_1_32/dvt_eclipse/predefined_projects/libs/uvm-1.2/src/seq/uvm_sequence_builtin.svh [8 ms, 301 lines, SystemVerilog_2012] ...
Done /home/eugen.hulub/dvt_eclipse_22_1_32/dvt_eclipse/predefined_projects/libs/uvm-1.2/src/seq/uvm_seq.svh [0 ms, 40 lines, SystemVerilog_2012] ...
Loading (109) /home/eugen.hulub/dvt_eclipse_22_1_32/dvt_eclipse/predefined_projects/libs/uvm-1.2/src/tlm2/uvm_tlm2.svh ...
Loading (110) /home/eugen.hulub/dvt_eclipse_22_1_32/dvt_eclipse/predefined_projects/libs/uvm-1.2/src/tlm2/uvm_tlm2_defines.svh ...
Done /home/eugen.hulub/dvt_eclipse_22_1_32/dvt_eclipse/predefined_projects/libs/uvm-1.2/src/tlm2/uvm_tlm2_defines.svh [0 ms, 45 lines, SystemVerilog_2012] ...
Loading (111) /home/eugen.hulub/dvt_eclipse_22_1_32/dvt_eclipse/predefined_projects/libs/uvm-1.2/src/tlm2/uvm_tlm2_time.svh ...
Done /home/eugen.hulub/dvt_eclipse_22_1_32/dvt_eclipse/predefined_projects/libs/uvm-1.2/src/tlm2/uvm_tlm2_time.svh [4 ms, 333 lines, SystemVerilog_2012] ...
Loading (112) /home/eugen.hulub/dvt_eclipse_22_1_32/dvt_eclipse/predefined_projects/libs/uvm-1.2/src/tlm2/uvm_tlm2_generic_payload.svh ...
Done /home/eugen.hulub/dvt_eclipse_22_1_32/dvt_eclipse/predefined_projects/libs/uvm-1.2/src/tlm2/uvm_tlm2_generic_payload.svh [25 ms, 1053 lines, SystemVerilog_2012] ...
Loading (113) /home/eugen.hulub/dvt_eclipse_22_1_32/dvt_eclipse/predefined_projects/libs/uvm-1.2/src/tlm2/uvm_tlm2_ifs.svh ...
Done /home/eugen.hulub/dvt_eclipse_22_1_32/dvt_eclipse/predefined_projects/libs/uvm-1.2/src/tlm2/uvm_tlm2_ifs.svh [1 ms, 178 lines, SystemVerilog_2012] ...
Loading (114) /home/eugen.hulub/dvt_eclipse_22_1_32/dvt_eclipse/predefined_projects/libs/uvm-1.2/src/tlm2/uvm_tlm2_imps.svh ...
Done /home/eugen.hulub/dvt_eclipse_22_1_32/dvt_eclipse/predefined_projects/libs/uvm-1.2/src/tlm2/uvm_tlm2_imps.svh [3 ms, 203 lines, SystemVerilog_2012] ...
Loading (115) /home/eugen.hulub/dvt_eclipse_22_1_32/dvt_eclipse/predefined_projects/libs/uvm-1.2/src/tlm2/uvm_tlm2_ports.svh ...
Done /home/eugen.hulub/dvt_eclipse_22_1_32/dvt_eclipse/predefined_projects/libs/uvm-1.2/src/tlm2/uvm_tlm2_ports.svh [2 ms, 75 lines, SystemVerilog_2012] ...
Loading (116) /home/eugen.hulub/dvt_eclipse_22_1_32/dvt_eclipse/predefined_projects/libs/uvm-1.2/src/tlm2/uvm_tlm2_exports.svh ...
Done /home/eugen.hulub/dvt_eclipse_22_1_32/dvt_eclipse/predefined_projects/libs/uvm-1.2/src/tlm2/uvm_tlm2_exports.svh [2 ms, 65 lines, SystemVerilog_2012] ...
Loading (117) /home/eugen.hulub/dvt_eclipse_22_1_32/dvt_eclipse/predefined_projects/libs/uvm-1.2/src/tlm2/uvm_tlm2_sockets_base.svh ...
Done /home/eugen.hulub/dvt_eclipse_22_1_32/dvt_eclipse/predefined_projects/libs/uvm-1.2/src/tlm2/uvm_tlm2_sockets_base.svh [8 ms, 195 lines, SystemVerilog_2012] ...
Loading (118) /home/eugen.hulub/dvt_eclipse_22_1_32/dvt_eclipse/predefined_projects/libs/uvm-1.2/src/tlm2/uvm_tlm2_sockets.svh ...
Done /home/eugen.hulub/dvt_eclipse_22_1_32/dvt_eclipse/predefined_projects/libs/uvm-1.2/src/tlm2/uvm_tlm2_sockets.svh [9 ms, 435 lines, SystemVerilog_2012] ...
Done /home/eugen.hulub/dvt_eclipse_22_1_32/dvt_eclipse/predefined_projects/libs/uvm-1.2/src/tlm2/uvm_tlm2.svh [0 ms, 30 lines, SystemVerilog_2012] ...
Loading (119) /home/eugen.hulub/dvt_eclipse_22_1_32/dvt_eclipse/predefined_projects/libs/uvm-1.2/src/reg/uvm_reg_model.svh ...
Loading (120) /home/eugen.hulub/dvt_eclipse_22_1_32/dvt_eclipse/predefined_projects/libs/uvm-1.2/src/reg/uvm_reg_item.svh ...
Done /home/eugen.hulub/dvt_eclipse_22_1_32/dvt_eclipse/predefined_projects/libs/uvm-1.2/src/reg/uvm_reg_item.svh [7 ms, 316 lines, SystemVerilog_2012] ...
Loading (121) /home/eugen.hulub/dvt_eclipse_22_1_32/dvt_eclipse/predefined_projects/libs/uvm-1.2/src/reg/uvm_reg_adapter.svh ...
Done /home/eugen.hulub/dvt_eclipse_22_1_32/dvt_eclipse/predefined_projects/libs/uvm-1.2/src/reg/uvm_reg_adapter.svh [4 ms, 254 lines, SystemVerilog_2012] ...
Loading (122) /home/eugen.hulub/dvt_eclipse_22_1_32/dvt_eclipse/predefined_projects/libs/uvm-1.2/src/reg/uvm_reg_predictor.svh ...
Done /home/eugen.hulub/dvt_eclipse_22_1_32/dvt_eclipse/predefined_projects/libs/uvm-1.2/src/reg/uvm_reg_predictor.svh [6 ms, 265 lines, SystemVerilog_2012] ...
Loading (123) /home/eugen.hulub/dvt_eclipse_22_1_32/dvt_eclipse/predefined_projects/libs/uvm-1.2/src/reg/uvm_reg_sequence.svh ...
Done /home/eugen.hulub/dvt_eclipse_22_1_32/dvt_eclipse/predefined_projects/libs/uvm-1.2/src/reg/uvm_reg_sequence.svh [10 ms, 548 lines, SystemVerilog_2012] ...
Loading (124) /home/eugen.hulub/dvt_eclipse_22_1_32/dvt_eclipse/predefined_projects/libs/uvm-1.2/src/reg/uvm_reg_cbs.svh ...
Done /home/eugen.hulub/dvt_eclipse_22_1_32/dvt_eclipse/predefined_projects/libs/uvm-1.2/src/reg/uvm_reg_cbs.svh [7 ms, 530 lines, SystemVerilog_2012] ...
Loading (125) /home/eugen.hulub/dvt_eclipse_22_1_32/dvt_eclipse/predefined_projects/libs/uvm-1.2/src/reg/uvm_reg_backdoor.svh ...
Done /home/eugen.hulub/dvt_eclipse_22_1_32/dvt_eclipse/predefined_projects/libs/uvm-1.2/src/reg/uvm_reg_backdoor.svh [7 ms, 348 lines, SystemVerilog_2012] ...
Loading (126) /home/eugen.hulub/dvt_eclipse_22_1_32/dvt_eclipse/predefined_projects/libs/uvm-1.2/src/reg/uvm_reg_field.svh ...
Done /home/eugen.hulub/dvt_eclipse_22_1_32/dvt_eclipse/predefined_projects/libs/uvm-1.2/src/reg/uvm_reg_field.svh [36 ms, 2013 lines, SystemVerilog_2012] ...
Loading (127) /home/eugen.hulub/dvt_eclipse_22_1_32/dvt_eclipse/predefined_projects/libs/uvm-1.2/src/reg/uvm_vreg_field.svh ...
Done /home/eugen.hulub/dvt_eclipse_22_1_32/dvt_eclipse/predefined_projects/libs/uvm-1.2/src/reg/uvm_vreg_field.svh [21 ms, 1005 lines, SystemVerilog_2012] ...
Loading (128) /home/eugen.hulub/dvt_eclipse_22_1_32/dvt_eclipse/predefined_projects/libs/uvm-1.2/src/reg/uvm_reg.svh ...
Done /home/eugen.hulub/dvt_eclipse_22_1_32/dvt_eclipse/predefined_projects/libs/uvm-1.2/src/reg/uvm_reg.svh [55 ms, 3102 lines, SystemVerilog_2012] ...
Loading (129) /home/eugen.hulub/dvt_eclipse_22_1_32/dvt_eclipse/predefined_projects/libs/uvm-1.2/src/reg/uvm_reg_indirect.svh ...
Done /home/eugen.hulub/dvt_eclipse_22_1_32/dvt_eclipse/predefined_projects/libs/uvm-1.2/src/reg/uvm_reg_indirect.svh [6 ms, 330 lines, SystemVerilog_2012] ...
Loading (130) /home/eugen.hulub/dvt_eclipse_22_1_32/dvt_eclipse/predefined_projects/libs/uvm-1.2/src/reg/uvm_reg_fifo.svh ...
Done /home/eugen.hulub/dvt_eclipse_22_1_32/dvt_eclipse/predefined_projects/libs/uvm-1.2/src/reg/uvm_reg_fifo.svh [4 ms, 311 lines, SystemVerilog_2012] ...
Loading (131) /home/eugen.hulub/dvt_eclipse_22_1_32/dvt_eclipse/predefined_projects/libs/uvm-1.2/src/reg/uvm_reg_file.svh ...
Done /home/eugen.hulub/dvt_eclipse_22_1_32/dvt_eclipse/predefined_projects/libs/uvm-1.2/src/reg/uvm_reg_file.svh [7 ms, 501 lines, SystemVerilog_2012] ...
Loading (132) /home/eugen.hulub/dvt_eclipse_22_1_32/dvt_eclipse/predefined_projects/libs/uvm-1.2/src/reg/uvm_mem_mam.svh ...
Done /home/eugen.hulub/dvt_eclipse_22_1_32/dvt_eclipse/predefined_projects/libs/uvm-1.2/src/reg/uvm_mem_mam.svh [14 ms, 1019 lines, SystemVerilog_2012] ...
Loading (133) /home/eugen.hulub/dvt_eclipse_22_1_32/dvt_eclipse/predefined_projects/libs/uvm-1.2/src/reg/uvm_vreg.svh ...
Done /home/eugen.hulub/dvt_eclipse_22_1_32/dvt_eclipse/predefined_projects/libs/uvm-1.2/src/reg/uvm_vreg.svh [26 ms, 1554 lines, SystemVerilog_2012] ...
Loading (134) /home/eugen.hulub/dvt_eclipse_22_1_32/dvt_eclipse/predefined_projects/libs/uvm-1.2/src/reg/uvm_mem.svh ...
Done /home/eugen.hulub/dvt_eclipse_22_1_32/dvt_eclipse/predefined_projects/libs/uvm-1.2/src/reg/uvm_mem.svh [39 ms, 2410 lines, SystemVerilog_2012] ...
Loading (135) /home/eugen.hulub/dvt_eclipse_22_1_32/dvt_eclipse/predefined_projects/libs/uvm-1.2/src/reg/uvm_reg_map.svh ...
Done /home/eugen.hulub/dvt_eclipse_22_1_32/dvt_eclipse/predefined_projects/libs/uvm-1.2/src/reg/uvm_reg_map.svh [43 ms, 2225 lines, SystemVerilog_2012] ...
Loading (136) /home/eugen.hulub/dvt_eclipse_22_1_32/dvt_eclipse/predefined_projects/libs/uvm-1.2/src/reg/uvm_reg_block.svh ...
Done /home/eugen.hulub/dvt_eclipse_22_1_32/dvt_eclipse/predefined_projects/libs/uvm-1.2/src/reg/uvm_reg_block.svh [35 ms, 2272 lines, SystemVerilog_2012] ...
Loading (137) /home/eugen.hulub/dvt_eclipse_22_1_32/dvt_eclipse/predefined_projects/libs/uvm-1.2/src/reg/sequences/uvm_reg_hw_reset_seq.svh ...
Done /home/eugen.hulub/dvt_eclipse_22_1_32/dvt_eclipse/predefined_projects/libs/uvm-1.2/src/reg/sequences/uvm_reg_hw_reset_seq.svh [4 ms, 172 lines, SystemVerilog_2012] ...
Loading (138) /home/eugen.hulub/dvt_eclipse_22_1_32/dvt_eclipse/predefined_projects/libs/uvm-1.2/src/reg/sequences/uvm_reg_bit_bash_seq.svh ...
Done /home/eugen.hulub/dvt_eclipse_22_1_32/dvt_eclipse/predefined_projects/libs/uvm-1.2/src/reg/sequences/uvm_reg_bit_bash_seq.svh [7 ms, 303 lines, SystemVerilog_2012] ...
Loading (139) /home/eugen.hulub/dvt_eclipse_22_1_32/dvt_eclipse/predefined_projects/libs/uvm-1.2/src/reg/sequences/uvm_mem_walk_seq.svh ...
Done /home/eugen.hulub/dvt_eclipse_22_1_32/dvt_eclipse/predefined_projects/libs/uvm-1.2/src/reg/sequences/uvm_mem_walk_seq.svh [8 ms, 300 lines, SystemVerilog_2012] ...
Loading (140) /home/eugen.hulub/dvt_eclipse_22_1_32/dvt_eclipse/predefined_projects/libs/uvm-1.2/src/reg/sequences/uvm_mem_access_seq.svh ...
Done /home/eugen.hulub/dvt_eclipse_22_1_32/dvt_eclipse/predefined_projects/libs/uvm-1.2/src/reg/sequences/uvm_mem_access_seq.svh [9 ms, 308 lines, SystemVerilog_2012] ...
Loading (141) /home/eugen.hulub/dvt_eclipse_22_1_32/dvt_eclipse/predefined_projects/libs/uvm-1.2/src/reg/sequences/uvm_reg_access_seq.svh ...
Done /home/eugen.hulub/dvt_eclipse_22_1_32/dvt_eclipse/predefined_projects/libs/uvm-1.2/src/reg/sequences/uvm_reg_access_seq.svh [11 ms, 366 lines, SystemVerilog_2012] ...
Loading (142) /home/eugen.hulub/dvt_eclipse_22_1_32/dvt_eclipse/predefined_projects/libs/uvm-1.2/src/reg/sequences/uvm_reg_mem_shared_access_seq.svh ...
Done /home/eugen.hulub/dvt_eclipse_22_1_32/dvt_eclipse/predefined_projects/libs/uvm-1.2/src/reg/sequences/uvm_reg_mem_shared_access_seq.svh [13 ms, 486 lines, SystemVerilog_2012] ...
Loading (143) /home/eugen.hulub/dvt_eclipse_22_1_32/dvt_eclipse/predefined_projects/libs/uvm-1.2/src/reg/sequences/uvm_reg_mem_built_in_seq.svh ...
Done /home/eugen.hulub/dvt_eclipse_22_1_32/dvt_eclipse/predefined_projects/libs/uvm-1.2/src/reg/sequences/uvm_reg_mem_built_in_seq.svh [5 ms, 139 lines, SystemVerilog_2012] ...
Loading (144) /home/eugen.hulub/dvt_eclipse_22_1_32/dvt_eclipse/predefined_projects/libs/uvm-1.2/src/reg/sequences/uvm_reg_mem_hdl_paths_seq.svh ...
Done /home/eugen.hulub/dvt_eclipse_22_1_32/dvt_eclipse/predefined_projects/libs/uvm-1.2/src/reg/sequences/uvm_reg_mem_hdl_paths_seq.svh [10 ms, 175 lines, SystemVerilog_2012] ...
Done /home/eugen.hulub/dvt_eclipse_22_1_32/dvt_eclipse/predefined_projects/libs/uvm-1.2/src/reg/uvm_reg_model.svh [0 ms, 444 lines, SystemVerilog_2012] ...
Done /home/eugen.hulub/dvt_eclipse_22_1_32/dvt_eclipse/predefined_projects/libs/uvm-1.2/src/uvm_pkg.sv [0 ms, 43 lines, SystemVerilog_2012] ...
Loading (145) /home/eugen.hulub/projects/Uvm_vif_config_db/sfr_agent/sfr_agent_pkg.sv ...
Skip (optimized) /home/eugen.hulub/dvt_eclipse_22_1_32/dvt_eclipse/predefined_projects/libs/uvm-1.2/src/uvm_macros.svh ...
Loading (146) /home/eugen.hulub/projects/Uvm_vif_config_db/sfr_agent/sfr_seq_item.svh ...
Done /home/eugen.hulub/projects/Uvm_vif_config_db/sfr_agent/sfr_seq_item.svh [2 ms, 64 lines, SystemVerilog_2012] ...
Loading (147) /home/eugen.hulub/projects/Uvm_vif_config_db/sfr_agent/sfr_config_object.svh ...
Done /home/eugen.hulub/projects/Uvm_vif_config_db/sfr_agent/sfr_config_object.svh [1 ms, 52 lines, SystemVerilog_2012] ...
Loading (148) /home/eugen.hulub/projects/Uvm_vif_config_db/sfr_agent/sfr_driver.svh ...
Done /home/eugen.hulub/projects/Uvm_vif_config_db/sfr_agent/sfr_driver.svh [1 ms, 82 lines, SystemVerilog_2012] ...
Loading (149) /home/eugen.hulub/projects/Uvm_vif_config_db/sfr_agent/sfr_monitor.svh ...
Done /home/eugen.hulub/projects/Uvm_vif_config_db/sfr_agent/sfr_monitor.svh [2 ms, 76 lines, SystemVerilog_2012] ...
Loading (150) /home/eugen.hulub/projects/Uvm_vif_config_db/sfr_agent/sfr_agent.svh ...
Done /home/eugen.hulub/projects/Uvm_vif_config_db/sfr_agent/sfr_agent.svh [2 ms, 83 lines, SystemVerilog_2012] ...
Done /home/eugen.hulub/projects/Uvm_vif_config_db/sfr_agent/sfr_agent_pkg.sv [0 ms, 51 lines, SystemVerilog_2012] ...
Loading (151) /home/eugen.hulub/projects/Uvm_vif_config_db/sfr_agent/sfr_if.sv ...
Done /home/eugen.hulub/projects/Uvm_vif_config_db/sfr_agent/sfr_if.sv [0 ms, 48 lines, SystemVerilog_2012] ...
Loading (152) /home/eugen.hulub/projects/Uvm_vif_config_db/sfr_test_pkg/sfr_test_pkg.sv ...
Skip (optimized) /home/eugen.hulub/dvt_eclipse_22_1_32/dvt_eclipse/predefined_projects/libs/uvm-1.2/src/uvm_macros.svh ...
Loading (153) /home/eugen.hulub/projects/Uvm_vif_config_db/sfr_test_pkg/sfr_env_config.svh ...
Done /home/eugen.hulub/projects/Uvm_vif_config_db/sfr_test_pkg/sfr_env_config.svh [2 ms, 50 lines, SystemVerilog_2012] ...
Loading (154) /home/eugen.hulub/projects/Uvm_vif_config_db/sfr_test_pkg/sfr_scoreboard.svh ...
Done /home/eugen.hulub/projects/Uvm_vif_config_db/sfr_test_pkg/sfr_scoreboard.svh [1 ms, 81 lines, SystemVerilog_2012] ...
Loading (155) /home/eugen.hulub/projects/Uvm_vif_config_db/sfr_test_pkg/sfr_env.svh ...
Done /home/eugen.hulub/projects/Uvm_vif_config_db/sfr_test_pkg/sfr_env.svh [1 ms, 70 lines, SystemVerilog_2012] ...
Loading (156) /home/eugen.hulub/projects/Uvm_vif_config_db/sfr_test_pkg/sfr_test_seq.svh ...
Done /home/eugen.hulub/projects/Uvm_vif_config_db/sfr_test_pkg/sfr_test_seq.svh [2 ms, 61 lines, SystemVerilog_2012] ...
Loading (157) /home/eugen.hulub/projects/Uvm_vif_config_db/sfr_test_pkg/sfr_test.svh ...
Done /home/eugen.hulub/projects/Uvm_vif_config_db/sfr_test_pkg/sfr_test.svh [1 ms, 79 lines, SystemVerilog_2012] ...
Done /home/eugen.hulub/projects/Uvm_vif_config_db/sfr_test_pkg/sfr_test_pkg.sv [0 ms, 54 lines, SystemVerilog_2012] ...
Loading (158) /home/eugen.hulub/projects/Uvm_vif_config_db/tb/hdl_top.sv ...
Done /home/eugen.hulub/projects/Uvm_vif_config_db/tb/hdl_top.sv [1 ms, 73 lines, SystemVerilog_2012] ...
Loading (159) /home/eugen.hulub/projects/Uvm_vif_config_db/tb/hvl_top.sv ...
Done /home/eugen.hulub/projects/Uvm_vif_config_db/tb/hvl_top.sv [0 ms, 49 lines, SystemVerilog_2012] ...
Loading (160) /home/eugen.hulub/projects/Uvm_vif_config_db/rtl/sfr_dut.sv ...
Done /home/eugen.hulub/projects/Uvm_vif_config_db/rtl/sfr_dut.sv [1 ms, 64 lines, SystemVerilog_2012] ...
*** Done invocation #1 [1437 ms] ***
*** Done parsing [LT 1273.0 ms, PT 1437.0 ms] ***
*** Total number of lines [76 836] ***
*** Warning: SYSTEM_VERILOG_2012: Expecting `endif label 'UVM_CMDLINE_PROCESSOR_SV' found 'UVM_CMDLINE_PROC_PKG_SV'
    at line 460 in /home/eugen.hulub/dvt_eclipse_22_1_32/dvt_eclipse/predefined_projects/libs/uvm-1.2/src/base/uvm_cmdline_processor.svh [compile index 1][invocation 1]
Performing post full build actions ...
Performing post full build step 1 (SRI) [1 ms] ...
Performing post full build step 2 (RI) [10 ms] ...
Performing post full build step 3 (RCP) [25 ms] ...
*** Done SystemVerilog build [1s.503ms] ***

*** Start mixed mode extension build ***
Performing mixed post full build step (VLOG - RI) [7 ms] ...
*** Top designs: work.hvl_top
Performing mixed post full build step (MIXED - ELAB) [204 ms] ...
Performing mixed post full build step (MIXED - UNEL) [51 ms] ...
*** Warning: UNELABORATED_INTERFACE: Interface 'work.sfr_if' is not elaborated
    at line 39 in /home/eugen.hulub/projects/Uvm_vif_config_db/sfr_agent/sfr_if.sv [compile index 152]
*** Warning: UNELABORATED_MODULE: Module 'work.hdl_top' is not elaborated
    at line 39 in /home/eugen.hulub/projects/Uvm_vif_config_db/tb/hdl_top.sv [compile index 160]
*** Warning: UNELABORATED_MODULE: Module 'work.sfr_dut' is not elaborated
    at line 39 in /home/eugen.hulub/projects/Uvm_vif_config_db/rtl/sfr_dut.sv [compile index 162]
*** Warning: ASSIGNMENT_BLOCKING: Blocking assignment of 'mem[address]' in sequential logic (use non-blocking assignment)
    at line 54 in /home/eugen.hulub/projects/Uvm_vif_config_db/rtl/sfr_dut.sv [compile index 162]
*** Warning: SENSITIVITY_UNUSED: The process is not sensitive to 're'
    at line 59 in /home/eugen.hulub/projects/Uvm_vif_config_db/rtl/sfr_dut.sv [compile index 162]
*** Warning: SENSITIVITY_MISSING: Missing 'mem' from sensitivity list
    at line 60 in /home/eugen.hulub/projects/Uvm_vif_config_db/rtl/sfr_dut.sv [compile index 162]
Performing mixed post full build step (VLOG - RD) [20 ms] ...
Performing mixed post full build step (VLOG - FSC) [955 ms] ...
Performing mixed post full build step (VLOG - EV) [507 ms] ...
Performing mixed post full build step (VLOG - ELPC) [52 ms] ...
Performing mixed post full build step (VLOG - US) [53 ms] ...
*** Warning: NON_STANDARD_SYSTEM_FUNCTION_ARGUMENTS: Maximum number of arguments for '$typename' system function is 1
    at line 1430 in /home/eugen.hulub/dvt_eclipse_22_1_32/dvt_eclipse/predefined_projects/libs/uvm-1.2/src/base/uvm_resource.svh [compile index 30]
*** Warning: NON_STANDARD_SYSTEM_FUNCTION_ARGUMENTS: Maximum number of arguments for '$typename' system function is 1
    at line 114 in /home/eugen.hulub/dvt_eclipse_22_1_32/dvt_eclipse/predefined_projects/libs/uvm-1.2/src/base/uvm_resource_db.svh [compile index 32]
*** Warning: NON_STANDARD_SYSTEM_FUNCTION_ARGUMENTS: Maximum number of arguments for '$typename' system function is 1
    at line 161 in /home/eugen.hulub/dvt_eclipse_22_1_32/dvt_eclipse/predefined_projects/libs/uvm-1.2/src/dap/uvm_simple_lock_dap.svh [compile index 68]
*** Warning: NON_STANDARD_SYSTEM_FUNCTION_ARGUMENTS: Maximum number of arguments for '$typename' system function is 1
    at line 163 in /home/eugen.hulub/dvt_eclipse_22_1_32/dvt_eclipse/predefined_projects/libs/uvm-1.2/src/dap/uvm_simple_lock_dap.svh [compile index 68]
*** Warning: NON_STANDARD_SYSTEM_FUNCTION_ARGUMENTS: Maximum number of arguments for '$typename' system function is 1
    at line 171 in /home/eugen.hulub/dvt_eclipse_22_1_32/dvt_eclipse/predefined_projects/libs/uvm-1.2/src/dap/uvm_simple_lock_dap.svh [compile index 68]
*** Warning: NON_STANDARD_SYSTEM_FUNCTION_ARGUMENTS: Maximum number of arguments for '$typename' system function is 1
    at line 167 in /home/eugen.hulub/dvt_eclipse_22_1_32/dvt_eclipse/predefined_projects/libs/uvm-1.2/src/dap/uvm_set_before_get_dap.svh [compile index 70]
*** Warning: NON_STANDARD_SYSTEM_FUNCTION_ARGUMENTS: Maximum number of arguments for '$typename' system function is 1
    at line 169 in /home/eugen.hulub/dvt_eclipse_22_1_32/dvt_eclipse/predefined_projects/libs/uvm-1.2/src/dap/uvm_set_before_get_dap.svh [compile index 70]
*** Warning: WIDTH_MISMATCH_PADDING: Assignment to 'value' of '64-bit' type from 'm_set' of '1-bit' type
    at line 175 in /home/eugen.hulub/dvt_eclipse_22_1_32/dvt_eclipse/predefined_projects/libs/uvm-1.2/src/dap/uvm_set_before_get_dap.svh [compile index 70]
*** Warning: NON_STANDARD_SYSTEM_FUNCTION_ARGUMENTS: Maximum number of arguments for '$typename' system function is 1
    at line 177 in /home/eugen.hulub/dvt_eclipse_22_1_32/dvt_eclipse/predefined_projects/libs/uvm-1.2/src/dap/uvm_set_before_get_dap.svh [compile index 70]
*** Warning: NON_STANDARD_SYSTEM_FUNCTION_ARGUMENTS: Maximum number of arguments for '$typename' system function is 1
    at line 137 in /home/eugen.hulub/dvt_eclipse_22_1_32/dvt_eclipse/predefined_projects/libs/uvm-1.2/src/dap/uvm_get_to_lock_dap.svh [compile index 69]
*** Warning: NON_STANDARD_SYSTEM_FUNCTION_ARGUMENTS: Maximum number of arguments for '$typename' system function is 1
    at line 139 in /home/eugen.hulub/dvt_eclipse_22_1_32/dvt_eclipse/predefined_projects/libs/uvm-1.2/src/dap/uvm_get_to_lock_dap.svh [compile index 69]
*** Warning: WIDTH_MISMATCH_PADDING: Assignment to 'value' of '64-bit' type from 'm_locked' of '1-bit' type
    at line 145 in /home/eugen.hulub/dvt_eclipse_22_1_32/dvt_eclipse/predefined_projects/libs/uvm-1.2/src/dap/uvm_get_to_lock_dap.svh [compile index 69]
*** Warning: NON_STANDARD_SYSTEM_FUNCTION_ARGUMENTS: Maximum number of arguments for '$typename' system function is 1
    at line 147 in /home/eugen.hulub/dvt_eclipse_22_1_32/dvt_eclipse/predefined_projects/libs/uvm-1.2/src/dap/uvm_get_to_lock_dap.svh [compile index 69]
*** Warning: NON_STANDARD_SYSTEM_FUNCTION_ARGUMENTS: Maximum number of arguments for '$typename' system function is 1
    at line 1044 in /home/eugen.hulub/dvt_eclipse_22_1_32/dvt_eclipse/predefined_projects/libs/uvm-1.2/src/tlm2/uvm_tlm2_generic_payload.svh [compile index 112]
*** Warning: WIDTH_MISMATCH_PADDING: Assignment to 'value' of '64-bit' type from 'm_streaming_width' of '32-bit' type
    at line 393 in /home/eugen.hulub/dvt_eclipse_22_1_32/dvt_eclipse/predefined_projects/libs/uvm-1.2/src/tlm2/uvm_tlm2_generic_payload.svh [compile index 112]
*** Warning: WIDTH_MISMATCH_TRUNCATION: Assignment to 'm_data[i]' of '8-bit' type from '__var' of '32-bit' type
    at line 549 in /home/eugen.hulub/dvt_eclipse_22_1_32/dvt_eclipse/predefined_projects/libs/uvm-1.2/src/tlm2/uvm_tlm2_generic_payload.svh [compile index 112]
*** Warning: WIDTH_MISMATCH_TRUNCATION: Assignment to 'm_byte_enable[i]' of '8-bit' type from '__var' of '32-bit' type
    at line 555 in /home/eugen.hulub/dvt_eclipse_22_1_32/dvt_eclipse/predefined_projects/libs/uvm-1.2/src/tlm2/uvm_tlm2_generic_payload.svh [compile index 112]
*** Warning: WIDTH_MISMATCH_PADDING: Assignment to 'value' of '64-bit' type from 'm_length' of '32-bit' type
    at line 569 in /home/eugen.hulub/dvt_eclipse_22_1_32/dvt_eclipse/predefined_projects/libs/uvm-1.2/src/tlm2/uvm_tlm2_generic_payload.svh [compile index 112]
*** Warning: WIDTH_MISMATCH_PADDING: Assignment to 'value' of '64-bit' type from 'm_byte_enable_length' of '32-bit' type
    at line 570 in /home/eugen.hulub/dvt_eclipse_22_1_32/dvt_eclipse/predefined_projects/libs/uvm-1.2/src/tlm2/uvm_tlm2_generic_payload.svh [compile index 112]
*** Warning: WIDTH_MISMATCH_PADDING: Assignment to 'value' of '64-bit' type from 'm_streaming_width' of '32-bit' type
    at line 572 in /home/eugen.hulub/dvt_eclipse_22_1_32/dvt_eclipse/predefined_projects/libs/uvm-1.2/src/tlm2/uvm_tlm2_generic_payload.svh [compile index 112]
*** Warning: WIDTH_MISMATCH_PADDING: Assignment to 'value' of '64-bit' type from 'm_data[i]' of '8-bit' type
    at line 575 in /home/eugen.hulub/dvt_eclipse_22_1_32/dvt_eclipse/predefined_projects/libs/uvm-1.2/src/tlm2/uvm_tlm2_generic_payload.svh [compile index 112]
*** Warning: WIDTH_MISMATCH_PADDING: Assignment to 'value' of '64-bit' type from 'm_byte_enable[i]' of '8-bit' type
    at line 578 in /home/eugen.hulub/dvt_eclipse_22_1_32/dvt_eclipse/predefined_projects/libs/uvm-1.2/src/tlm2/uvm_tlm2_generic_payload.svh [compile index 112]
*** Warning: WIDTH_MISMATCH_TRUNCATION: Assignment to 'report_ok' of '1-bit' type from 'uvm_report_catcher::process_al...' of '32-bit' type
    at line 588 in /home/eugen.hulub/dvt_eclipse_22_1_32/dvt_eclipse/predefined_projects/libs/uvm-1.2/src/base/uvm_report_server.svh [compile index 48]
*** Warning: WIDTH_MISMATCH_TRUNCATION: Assignment to 'replace' of '1-bit' type from 'replace' of '32-bit' type
    at line 789 in /home/eugen.hulub/dvt_eclipse_22_1_32/dvt_eclipse/predefined_projects/libs/uvm-1.2/src/base/uvm_root.svh [compile index 60]
*** Warning: WIDTH_MISMATCH_PADDING: Assignment to 'verbosity' of '32-bit' type from 'UVM_INFO' of '2-bit' type
    at line 3146 in /home/eugen.hulub/dvt_eclipse_22_1_32/dvt_eclipse/predefined_projects/libs/uvm-1.2/src/base/uvm_component.svh [compile index 59]
*** Warning: WIDTH_MISMATCH_PADDING: Assignment to 'verbosity' of '32-bit' type from 'UVM_INFO' of '2-bit' type
    at line 3272 in /home/eugen.hulub/dvt_eclipse_22_1_32/dvt_eclipse/predefined_projects/libs/uvm-1.2/src/base/uvm_component.svh [compile index 59]
*** Warning: WIDTH_MISMATCH_PADDING: Assignment to 'value' of '64-bit' type from 'recording_detail' of '32-bit' type
    at line 3328 in /home/eugen.hulub/dvt_eclipse_22_1_32/dvt_eclipse/predefined_projects/libs/uvm-1.2/src/base/uvm_component.svh [compile index 59]
*** Warning: WIDTH_MISMATCH_PADDING: Assignment to 'value' of '64-bit' type from 'enable_stop_interrupt' of '32-bit' type
    at line 3334 in /home/eugen.hulub/dvt_eclipse_22_1_32/dvt_eclipse/predefined_projects/libs/uvm-1.2/src/base/uvm_component.svh [compile index 59]
*** Warning: WIDTH_MISMATCH_TRUNCATION: Assignment to 'recording_detail' of '32-bit' type from 'value' of '4096-bit' type
    at line 3353 in /home/eugen.hulub/dvt_eclipse_22_1_32/dvt_eclipse/predefined_projects/libs/uvm-1.2/src/base/uvm_component.svh [compile index 59]
*** Warning: WIDTH_MISMATCH_PADDING: Assignment to 'offset' of '64-bit' type from 'args[4].atoi()' of '32-bit' type
    at line 3409 in /home/eugen.hulub/dvt_eclipse_22_1_32/dvt_eclipse/predefined_projects/libs/uvm-1.2/src/base/uvm_component.svh [compile index 59]
*** Warning: WIDTH_MISMATCH_TRUNCATION: Returning 'q.size()' of '32-bit' type for function of '1-bit' return type
    at line 193 in /home/eugen.hulub/dvt_eclipse_22_1_32/dvt_eclipse/predefined_projects/libs/uvm-1.2/src/base/uvm_tr_database.svh [compile index 38]
*** Warning: WIDTH_MISMATCH_TRUNCATION: Assignment to 'lhs' of '64-bit' type from 'lhs' of '4096-bit' type
    at line 151 in /home/eugen.hulub/dvt_eclipse_22_1_32/dvt_eclipse/predefined_projects/libs/uvm-1.2/src/base/uvm_comparer.svh [compile index 35]
*** Warning: WIDTH_MISMATCH_TRUNCATION: Assignment to 'rhs' of '64-bit' type from 'rhs' of '4096-bit' type
    at line 151 in /home/eugen.hulub/dvt_eclipse_22_1_32/dvt_eclipse/predefined_projects/libs/uvm-1.2/src/base/uvm_comparer.svh [compile index 35]
*** Warning: WIDTH_MISMATCH_PADDING: Assignment to 'is_non_null' of '8-bit' type from 'm_bits[count +: 4]' of '4-bit' type
    at line 842 in /home/eugen.hulub/dvt_eclipse_22_1_32/dvt_eclipse/predefined_projects/libs/uvm-1.2/src/base/uvm_packer.svh [compile index 36]
*** Warning: WIDTH_MISMATCH_PADDING: Assignment to 'value' of '64-bit' type from 'threshold' of '32-bit' type
    at line 189 in /home/eugen.hulub/dvt_eclipse_22_1_32/dvt_eclipse/predefined_projects/libs/uvm-1.2/src/base/uvm_barrier.svh [compile index 43]
*** Warning: WIDTH_MISMATCH_PADDING: Assignment to 'value' of '64-bit' type from 'num_waiters' of '32-bit' type
    at line 190 in /home/eugen.hulub/dvt_eclipse_22_1_32/dvt_eclipse/predefined_projects/libs/uvm-1.2/src/base/uvm_barrier.svh [compile index 43]
*** Warning: WIDTH_MISMATCH_PADDING: Assignment to 'value' of '64-bit' type from 'at_threshold' of '1-bit' type
    at line 191 in /home/eugen.hulub/dvt_eclipse_22_1_32/dvt_eclipse/predefined_projects/libs/uvm-1.2/src/base/uvm_barrier.svh [compile index 43]
*** Warning: WIDTH_MISMATCH_PADDING: Assignment to 'value' of '64-bit' type from 'auto_reset' of '1-bit' type
    at line 192 in /home/eugen.hulub/dvt_eclipse_22_1_32/dvt_eclipse/predefined_projects/libs/uvm-1.2/src/base/uvm_barrier.svh [compile index 43]
*** Warning: WIDTH_MISMATCH_TRUNCATION: Returning 'q.size()' of '32-bit' type for function of '1-bit' return type
    at line 378 in /home/eugen.hulub/dvt_eclipse_22_1_32/dvt_eclipse/predefined_projects/libs/uvm-1.2/src/base/uvm_tr_stream.svh [compile index 39]
*** Warning: WIDTH_MISMATCH_PADDING: Assignment to 'value' of '64-bit' type from 'v' of '32-bit' type
    at line 876 in /home/eugen.hulub/dvt_eclipse_22_1_32/dvt_eclipse/predefined_projects/libs/uvm-1.2/src/base/uvm_recorder.svh [compile index 40]
*** Warning: WIDTH_MISMATCH_TRUNCATION: Assignment to 'value' of '4096-bit' type from 'uvm_string_to_bits()' of '115200-bit' type
    at line 934 in /home/eugen.hulub/dvt_eclipse_22_1_32/dvt_eclipse/predefined_projects/libs/uvm-1.2/src/base/uvm_recorder.svh [compile index 40]
*** Warning: WIDTH_MISMATCH_PADDING: Assignment to 'value' of '64-bit' type from 'num_waiters' of '32-bit' type
    at line 216 in /home/eugen.hulub/dvt_eclipse_22_1_32/dvt_eclipse/predefined_projects/libs/uvm-1.2/src/base/uvm_event.svh [compile index 42]
*** Warning: WIDTH_MISMATCH_PADDING: Assignment to 'value' of '64-bit' type from 'on' of '1-bit' type
    at line 217 in /home/eugen.hulub/dvt_eclipse_22_1_32/dvt_eclipse/predefined_projects/libs/uvm-1.2/src/base/uvm_event.svh [compile index 42]
*** Warning: WIDTH_MISMATCH_TRUNCATION: Returning '$cast()' of '32-bit' type for function of '1-bit' return type
    at line 204 in /home/eugen.hulub/dvt_eclipse_22_1_32/dvt_eclipse/predefined_projects/libs/uvm-1.2/src/base/uvm_callback.svh [compile index 44]
*** Warning: WIDTH_MISMATCH_TRUNCATION: Assignment to 'warned' of '1-bit' type from 'm_cb_find_name()' of '32-bit' type
    at line 253 in /home/eugen.hulub/dvt_eclipse_22_1_32/dvt_eclipse/predefined_projects/libs/uvm-1.2/src/base/uvm_callback.svh [compile index 44]
*** Warning: WIDTH_MISMATCH_TRUNCATION: Returning '$cast()' of '32-bit' type for function of '1-bit' return type
    at line 569 in /home/eugen.hulub/dvt_eclipse_22_1_32/dvt_eclipse/predefined_projects/libs/uvm-1.2/src/base/uvm_callback.svh [compile index 44]
*** Warning: WIDTH_MISMATCH_PADDING: Assignment to 'value' of '64-bit' type from 'depth' of '32-bit' type
    at line 452 in /home/eugen.hulub/dvt_eclipse_22_1_32/dvt_eclipse/predefined_projects/libs/uvm-1.2/src/seq/uvm_sequence_item.svh [compile index 99]
*** Warning: WIDTH_MISMATCH_PADDING: Assignment to 'value' of '64-bit' type from 'm_num_last_reqs' of '32-bit' type
    at line 241 in /home/eugen.hulub/dvt_eclipse_22_1_32/dvt_eclipse/predefined_projects/libs/uvm-1.2/src/seq/uvm_sequencer_param_base.svh [compile index 102]
*** Warning: WIDTH_MISMATCH_PADDING: Assignment to 'value' of '64-bit' type from 'm_num_last_rsps' of '32-bit' type
    at line 242 in /home/eugen.hulub/dvt_eclipse_22_1_32/dvt_eclipse/predefined_projects/libs/uvm-1.2/src/seq/uvm_sequencer_param_base.svh [compile index 102]
*** Warning: WIDTH_MISMATCH_PADDING: Assignment to 'value' of '64-bit' type from 'min_random_count' of '32-bit' type
    at line 790 in /home/eugen.hulub/dvt_eclipse_22_1_32/dvt_eclipse/predefined_projects/libs/uvm-1.2/src/seq/uvm_sequence_library.svh [compile index 107]
*** Warning: WIDTH_MISMATCH_PADDING: Assignment to 'value' of '64-bit' type from 'max_random_count' of '32-bit' type
    at line 791 in /home/eugen.hulub/dvt_eclipse_22_1_32/dvt_eclipse/predefined_projects/libs/uvm-1.2/src/seq/uvm_sequence_library.svh [compile index 107]
*** Warning: WIDTH_MISMATCH_PADDING: Assignment to 'value' of '64-bit' type from 'sequence_count' of '32-bit' type
    at line 793 in /home/eugen.hulub/dvt_eclipse_22_1_32/dvt_eclipse/predefined_projects/libs/uvm-1.2/src/seq/uvm_sequence_library.svh [compile index 107]
*** Warning: WIDTH_MISMATCH_PADDING: Assignment to 'value' of '64-bit' type from 'seqs_distrib[typ]' of '32-bit' type
    at line 807 in /home/eugen.hulub/dvt_eclipse_22_1_32/dvt_eclipse/predefined_projects/libs/uvm-1.2/src/seq/uvm_sequence_library.svh [compile index 107]
*** Warning: WIDTH_MISMATCH_TRUNCATION: Assignment to 'scope_separator' of '8-bit' type from 'UVM_DEC' of '32-bit' type
    at line 807 in /home/eugen.hulub/dvt_eclipse_22_1_32/dvt_eclipse/predefined_projects/libs/uvm-1.2/src/seq/uvm_sequence_library.svh [compile index 107]
*** Warning: WIDTH_MISMATCH_PADDING: Assignment to 'lhs' of '64-bit' type from 'l_count' of '32-bit' type
    at line 120 in /home/eugen.hulub/dvt_eclipse_22_1_32/dvt_eclipse/predefined_projects/libs/uvm-1.2/src/seq/uvm_sequence_builtin.svh [compile index 108]
*** Warning: WIDTH_MISMATCH_PADDING: Assignment to 'rhs' of '64-bit' type from 'l_count' of '32-bit' type
    at line 120 in /home/eugen.hulub/dvt_eclipse_22_1_32/dvt_eclipse/predefined_projects/libs/uvm-1.2/src/seq/uvm_sequence_builtin.svh [compile index 108]
*** Warning: WIDTH_MISMATCH_PADDING: Assignment to 'value' of '64-bit' type from 'l_count' of '32-bit' type
    at line 125 in /home/eugen.hulub/dvt_eclipse_22_1_32/dvt_eclipse/predefined_projects/libs/uvm-1.2/src/seq/uvm_sequence_builtin.svh [compile index 108]
*** Warning: WIDTH_MISMATCH_PADDING: Assignment to 'value' of '64-bit' type from 'l_count' of '32-bit' type
    at line 129 in /home/eugen.hulub/dvt_eclipse_22_1_32/dvt_eclipse/predefined_projects/libs/uvm-1.2/src/seq/uvm_sequence_builtin.svh [compile index 108]
*** Warning: WIDTH_MISMATCH_PADDING: Assignment to 'req_kind' of '32-bit' type from 'l_kind' of '10-bit' type
    at line 201 in /home/eugen.hulub/dvt_eclipse_22_1_32/dvt_eclipse/predefined_projects/libs/uvm-1.2/src/seq/uvm_sequence_builtin.svh [compile index 108]
*** Warning: WIDTH_MISMATCH_PADDING: Assignment to 'lhs' of '64-bit' type from 'l_count' of '32-bit' type
    at line 221 in /home/eugen.hulub/dvt_eclipse_22_1_32/dvt_eclipse/predefined_projects/libs/uvm-1.2/src/seq/uvm_sequence_builtin.svh [compile index 108]
*** Warning: WIDTH_MISMATCH_PADDING: Assignment to 'rhs' of '64-bit' type from 'l_count' of '32-bit' type
    at line 221 in /home/eugen.hulub/dvt_eclipse_22_1_32/dvt_eclipse/predefined_projects/libs/uvm-1.2/src/seq/uvm_sequence_builtin.svh [compile index 108]
*** Warning: WIDTH_MISMATCH_PADDING: Assignment to 'value' of '64-bit' type from 'l_count' of '32-bit' type
    at line 226 in /home/eugen.hulub/dvt_eclipse_22_1_32/dvt_eclipse/predefined_projects/libs/uvm-1.2/src/seq/uvm_sequence_builtin.svh [compile index 108]
*** Warning: WIDTH_MISMATCH_PADDING: Assignment to 'value' of '64-bit' type from 'l_count' of '32-bit' type
    at line 230 in /home/eugen.hulub/dvt_eclipse_22_1_32/dvt_eclipse/predefined_projects/libs/uvm-1.2/src/seq/uvm_sequence_builtin.svh [compile index 108]
*** Warning: WIDTH_MISMATCH_TRUNCATION: Returning 'm_hdl_paths_pool.exists()' of '32-bit' type for function of '1-bit' return type
    at line 1418 in /home/eugen.hulub/dvt_eclipse_22_1_32/dvt_eclipse/predefined_projects/libs/uvm-1.2/src/reg/uvm_reg.svh [compile index 128]
*** Warning: WIDTH_MISMATCH_PADDING: Assignment to 'value' of '1024-bit' type from 'rw.value[0]' of '64-bit' type
    at line 2688 in /home/eugen.hulub/dvt_eclipse_22_1_32/dvt_eclipse/predefined_projects/libs/uvm-1.2/src/reg/uvm_reg.svh [compile index 128]
*** Warning: WIDTH_MISMATCH_PADDING: Assignment to 'value' of '1024-bit' type from 'slice' of '64-bit' type
    at line 2695 in /home/eugen.hulub/dvt_eclipse_22_1_32/dvt_eclipse/predefined_projects/libs/uvm-1.2/src/reg/uvm_reg.svh [compile index 128]
*** Warning: WIDTH_MISMATCH_TRUNCATION: Assignment to 'val' of '64-bit' type from 'value' of '1024-bit' type
    at line 2725 in /home/eugen.hulub/dvt_eclipse_22_1_32/dvt_eclipse/predefined_projects/libs/uvm-1.2/src/reg/uvm_reg.svh [compile index 128]
*** Warning: WIDTH_MISMATCH_TRUNCATION: Assignment to 'slice' of '64-bit' type from 'value' of '1024-bit' type
    at line 2732 in /home/eugen.hulub/dvt_eclipse_22_1_32/dvt_eclipse/predefined_projects/libs/uvm-1.2/src/reg/uvm_reg.svh [compile index 128]
*** Warning: WIDTH_MISMATCH_TRUNCATION: Assignment to 'offset' of '32-bit' type from 'parent_map.get_submap_offset()' of '64-bit' type
    at line 3020 in /home/eugen.hulub/dvt_eclipse_22_1_32/dvt_eclipse/predefined_projects/libs/uvm-1.2/src/reg/uvm_reg.svh [compile index 128]
*** Warning: WIDTH_MISMATCH_TRUNCATION: Assignment to 'offset' of '32-bit' type from 'this_map.get_base_addr()' of '64-bit' type
    at line 3020 in /home/eugen.hulub/dvt_eclipse_22_1_32/dvt_eclipse/predefined_projects/libs/uvm-1.2/src/reg/uvm_reg.svh [compile index 128]
*** Warning: WIDTH_MISMATCH_TRUNCATION: Returning 'hdl_paths_pool.exists()' of '32-bit' type for function of '1-bit' return type
    at line 309 in /home/eugen.hulub/dvt_eclipse_22_1_32/dvt_eclipse/predefined_projects/libs/uvm-1.2/src/reg/uvm_reg_file.svh [compile index 131]
*** Warning: WIDTH_MISMATCH_TRUNCATION: Returning 'size' of '64-bit' type for function of '32-bit' return type
    at line 1099 in /home/eugen.hulub/dvt_eclipse_22_1_32/dvt_eclipse/predefined_projects/libs/uvm-1.2/src/reg/uvm_vreg.svh [compile index 133]
*** Warning: WIDTH_MISMATCH_TRUNCATION: Returning 'hdl_paths_pool.exists()' of '32-bit' type for function of '1-bit' return type
    at line 2006 in /home/eugen.hulub/dvt_eclipse_22_1_32/dvt_eclipse/predefined_projects/libs/uvm-1.2/src/reg/uvm_reg_block.svh [compile index 136]
*** Warning: WIDTH_MISMATCH_TRUNCATION: Returning 'root_hdl_paths.exists()' of '32-bit' type for function of '1-bit' return type
    at line 2123 in /home/eugen.hulub/dvt_eclipse_22_1_32/dvt_eclipse/predefined_projects/libs/uvm-1.2/src/reg/uvm_reg_block.svh [compile index 136]
*** Warning: WIDTH_MISMATCH_TRUNCATION: Assignment to 'slice' of '64-bit' type from 'value' of '1024-bit' type
    at line 2074 in /home/eugen.hulub/dvt_eclipse_22_1_32/dvt_eclipse/predefined_projects/libs/uvm-1.2/src/reg/uvm_mem.svh [compile index 134]
*** Warning: WIDTH_MISMATCH_TRUNCATION: Assignment to 'rw.value[mem_idx]' of '64-bit' type from 'val' of '1024-bit' type
    at line 2085 in /home/eugen.hulub/dvt_eclipse_22_1_32/dvt_eclipse/predefined_projects/libs/uvm-1.2/src/reg/uvm_mem.svh [compile index 134]
*** Warning: WIDTH_MISMATCH_PADDING: Assignment to 'value' of '1024-bit' type from 'rw.value[mem_idx]' of '64-bit' type
    at line 2128 in /home/eugen.hulub/dvt_eclipse_22_1_32/dvt_eclipse/predefined_projects/libs/uvm-1.2/src/reg/uvm_mem.svh [compile index 134]
*** Warning: WIDTH_MISMATCH_PADDING: Assignment to 'value' of '1024-bit' type from 'slice' of '64-bit' type
    at line 2135 in /home/eugen.hulub/dvt_eclipse_22_1_32/dvt_eclipse/predefined_projects/libs/uvm-1.2/src/reg/uvm_mem.svh [compile index 134]
*** Warning: WIDTH_MISMATCH_TRUNCATION: Returning 'm_hdl_paths_pool.exists()' of '32-bit' type for function of '1-bit' return type
    at line 2204 in /home/eugen.hulub/dvt_eclipse_22_1_32/dvt_eclipse/predefined_projects/libs/uvm-1.2/src/reg/uvm_mem.svh [compile index 134]
*** Warning: WIDTH_MISMATCH_TRUNCATION: Assignment to 'offset' of '32-bit' type from 'parent_map.get_submap_offset()' of '64-bit' type
    at line 2325 in /home/eugen.hulub/dvt_eclipse_22_1_32/dvt_eclipse/predefined_projects/libs/uvm-1.2/src/reg/uvm_mem.svh [compile index 134]
*** Warning: WIDTH_MISMATCH_TRUNCATION: Assignment to 'offset' of '32-bit' type from 'this_map.get_base_addr()' of '64-bit' type
    at line 2325 in /home/eugen.hulub/dvt_eclipse_22_1_32/dvt_eclipse/predefined_projects/libs/uvm-1.2/src/reg/uvm_mem.svh [compile index 134]
*** Warning: WIDTH_MISMATCH_PADDING: Assignment to 'value' of '64-bit' type from 'get_n_bits()' of '32-bit' type
    at line 2353 in /home/eugen.hulub/dvt_eclipse_22_1_32/dvt_eclipse/predefined_projects/libs/uvm-1.2/src/reg/uvm_mem.svh [compile index 134]
*** Warning: WIDTH_MISMATCH_PADDING: Assignment to 'data' of '64-bit' type from 'curr_byte' of '32-bit' type
    at line 2045 in /home/eugen.hulub/dvt_eclipse_22_1_32/dvt_eclipse/predefined_projects/libs/uvm-1.2/src/reg/uvm_reg_map.svh [compile index 135]
*** Warning: WIDTH_MISMATCH_TRUNCATION: Assignment to 'curr_byte_' of '32-bit' type from 'data' of '64-bit' type
    at line 2066 in /home/eugen.hulub/dvt_eclipse_22_1_32/dvt_eclipse/predefined_projects/libs/uvm-1.2/src/reg/uvm_reg_map.svh [compile index 135]
*** Warning: WIDTH_MISMATCH_TRUNCATION: Assignment to 'idx' of '32-bit' type from 'm_idx.get()' of '64-bit' type
    at line 125 in /home/eugen.hulub/dvt_eclipse_22_1_32/dvt_eclipse/predefined_projects/libs/uvm-1.2/src/reg/uvm_reg_indirect.svh [compile index 129]
*** Warning: WIDTH_MISMATCH_TRUNCATION: Assignment to 'idx' of '32-bit' type from 'm_idx.get_mirrored_value()' of '64-bit' type
    at line 156 in /home/eugen.hulub/dvt_eclipse_22_1_32/dvt_eclipse/predefined_projects/libs/uvm-1.2/src/reg/uvm_reg_indirect.svh [compile index 129]
*** Warning: WIDTH_MISMATCH_PADDING: Assignment to 'rw.value[0]' of '64-bit' type from 'm_idx' of '32-bit' type
    at line 303 in /home/eugen.hulub/dvt_eclipse_22_1_32/dvt_eclipse/predefined_projects/libs/uvm-1.2/src/reg/uvm_reg_indirect.svh [compile index 129]
*** Warning: WIDTH_MISMATCH_TRUNCATION: Assignment to 'rw.byte_en[i]' of '1-bit' type from 'gp.m_byte_enable[i]' of '8-bit' type
    at line 241 in /home/eugen.hulub/dvt_eclipse_22_1_32/dvt_eclipse/predefined_projects/libs/uvm-1.2/src/reg/uvm_reg_adapter.svh [compile index 121]
*** Warning: WIDTH_MISMATCH_PADDING: Assignment to 'byte_en' of '64-bit' type from 'byte_en' of '8-bit' type
    at line 207 in /home/eugen.hulub/dvt_eclipse_22_1_32/dvt_eclipse/predefined_projects/libs/uvm-1.2/src/reg/uvm_reg_predictor.svh [compile index 122]
*** Warning: WIDTH_MISMATCH_PADDING: Assignment to 'reset' of '64-bit' type from '32'h0' of '32-bit' type
    at line 79 in /home/eugen.hulub/dvt_eclipse_22_1_32/dvt_eclipse/predefined_projects/libs/uvm-1.2/src/reg/uvm_reg_fifo.svh [compile index 130]
*** Warning: WIDTH_MISMATCH_TRUNCATION: Assignment to 'dc_mask[next_lsb]' of '1-bit' type from 'dc' of '32-bit' type
    at line 120 in /home/eugen.hulub/dvt_eclipse_22_1_32/dvt_eclipse/predefined_projects/libs/uvm-1.2/src/reg/sequences/uvm_reg_bit_bash_seq.svh [compile index 138]
*** Warning: WIDTH_MISMATCH_PADDING: Assignment to 'offset' of '64-bit' type from 'k' of '32-bit' type
    at line 127 in /home/eugen.hulub/dvt_eclipse_22_1_32/dvt_eclipse/predefined_projects/libs/uvm-1.2/src/reg/sequences/uvm_mem_walk_seq.svh [compile index 139]
*** Warning: WIDTH_MISMATCH_PADDING: Assignment to 'offset' of '64-bit' type from 'k' of '32-bit' type
    at line 157 in /home/eugen.hulub/dvt_eclipse_22_1_32/dvt_eclipse/predefined_projects/libs/uvm-1.2/src/reg/sequences/uvm_mem_walk_seq.svh [compile index 139]
*** Warning: WIDTH_MISMATCH_PADDING: Assignment to 'offset' of '64-bit' type from 'k' of '32-bit' type
    at line 116 in /home/eugen.hulub/dvt_eclipse_22_1_32/dvt_eclipse/predefined_projects/libs/uvm-1.2/src/reg/sequences/uvm_mem_access_seq.svh [compile index 140]
*** Warning: WIDTH_MISMATCH_PADDING: Assignment to 'offset' of '64-bit' type from 'k' of '32-bit' type
    at line 124 in /home/eugen.hulub/dvt_eclipse_22_1_32/dvt_eclipse/predefined_projects/libs/uvm-1.2/src/reg/sequences/uvm_mem_access_seq.svh [compile index 140]
*** Warning: WIDTH_MISMATCH_PADDING: Assignment to 'offset' of '64-bit' type from 'k' of '32-bit' type
    at line 132 in /home/eugen.hulub/dvt_eclipse_22_1_32/dvt_eclipse/predefined_projects/libs/uvm-1.2/src/reg/sequences/uvm_mem_access_seq.svh [compile index 140]
*** Warning: WIDTH_MISMATCH_PADDING: Assignment to 'offset' of '64-bit' type from 'k' of '32-bit' type
    at line 145 in /home/eugen.hulub/dvt_eclipse_22_1_32/dvt_eclipse/predefined_projects/libs/uvm-1.2/src/reg/sequences/uvm_mem_access_seq.svh [compile index 140]
*** Warning: WIDTH_MISMATCH_PADDING: Assignment to 'offset' of '64-bit' type from 'k' of '32-bit' type
    at line 151 in /home/eugen.hulub/dvt_eclipse_22_1_32/dvt_eclipse/predefined_projects/libs/uvm-1.2/src/reg/sequences/uvm_mem_access_seq.svh [compile index 140]
*** Warning: WIDTH_MISMATCH_PADDING: Assignment to 'offset' of '64-bit' type from 'offset' of '32-bit' type
    at line 274 in /home/eugen.hulub/dvt_eclipse_22_1_32/dvt_eclipse/predefined_projects/libs/uvm-1.2/src/reg/sequences/uvm_reg_mem_shared_access_seq.svh [compile index 142]
*** Warning: WIDTH_MISMATCH_PADDING: Assignment to 'offset' of '64-bit' type from 'offset' of '32-bit' type
    at line 281 in /home/eugen.hulub/dvt_eclipse_22_1_32/dvt_eclipse/predefined_projects/libs/uvm-1.2/src/reg/sequences/uvm_reg_mem_shared_access_seq.svh [compile index 142]
*** Warning: WIDTH_MISMATCH_PADDING: Assignment to 'offset' of '64-bit' type from 'offset' of '32-bit' type
    at line 293 in /home/eugen.hulub/dvt_eclipse_22_1_32/dvt_eclipse/predefined_projects/libs/uvm-1.2/src/reg/sequences/uvm_reg_mem_shared_access_seq.svh [compile index 142]
*** Warning: WIDTH_MISMATCH_PADDING: Assignment to 'offset' of '64-bit' type from 'offset' of '32-bit' type
    at line 303 in /home/eugen.hulub/dvt_eclipse_22_1_32/dvt_eclipse/predefined_projects/libs/uvm-1.2/src/reg/sequences/uvm_reg_mem_shared_access_seq.svh [compile index 142]
*** Warning: WIDTH_MISMATCH_TRUNCATION: Assignment to 'd' of '64-bit' type from 'value' of '1024-bit' type
    at line 138 in /home/eugen.hulub/dvt_eclipse_22_1_32/dvt_eclipse/predefined_projects/libs/uvm-1.2/src/reg/sequences/uvm_reg_mem_hdl_paths_seq.svh [compile index 144]
*** Warning: SIGNAL_NEVER_USED: Signal 'reset' is never used
    at line 42 in /home/eugen.hulub/projects/Uvm_vif_config_db/rtl/sfr_dut.sv [compile index 162]
*** Done mixed mode extension build [2s.785ms] ***
*** Start adding/validating the DVT Auto-Linked resources ***
*** Done adding/validating the DVT Auto-Linked resources [7 ms] ***
*** Total build time [4s.316ms] ***
